[ 2017-04-10T18:37:37+08:00 ] 192.168.56.1 /index.php
INFO: [ app_init ] --START--
INFO: Run Behavior\BuildLiteBehavior [ RunTime:0.000011s ]
INFO: [ app_init ] --END-- [ RunTime:0.000849s ]
INFO: [ app_begin ] --START--
INFO: Run Behavior\ReadHtmlCacheBehavior [ RunTime:0.001198s ]
INFO: [ app_begin ] --END-- [ RunTime:0.001254s ]
NOTIC: [8] Use of undefined constant CURLOPT_IPRESOLVE - assumed 'CURLOPT_IPRESOLVE' /mnt/wecan/vendor/overtrue/wechat/src/Core/Http.php 第 74 行.
NOTIC: [8] Use of undefined constant CURL_IPRESOLVE_V4 - assumed 'CURL_IPRESOLVE_V4' /mnt/wecan/vendor/overtrue/wechat/src/Core/Http.php 第 74 行.
SQL: SHOW COLUMNS FROM `menu` [ RunTime:0.0005s ]
SQL: SELECT * FROM `menu`  [ RunTime:0.0002s ]
INFO: [ view_parse ] --START--
INFO: [ template_filter ] --START--
INFO: Run Behavior\ContentReplaceBehavior [ RunTime:0.000059s ]
INFO: [ template_filter ] --END-- [ RunTime:0.000128s ]
INFO: Run Behavior\ParseTemplateBehavior [ RunTime:0.165788s ]
INFO: [ view_parse ] --END-- [ RunTime:0.165846s ]
INFO: [ view_filter ] --START--
INFO: Run Behavior\WriteHtmlCacheBehavior [ RunTime:0.001071s ]
INFO: [ view_filter ] --END-- [ RunTime:0.001101s ]
INFO: [ app_end ] --START--
INFO: Run Behavior\ShowPageTraceBehavior [ RunTime:0.001259s ]
INFO: [ app_end ] --END-- [ RunTime:0.001301s ]

[ 2017-04-10T18:37:37+08:00 ] 192.168.56.1 /index.php
INFO: [ app_init ] --START--
INFO: Run Behavior\BuildLiteBehavior [ RunTime:0.000010s ]
INFO: [ app_init ] --END-- [ RunTime:0.000097s ]
INFO: [ app_begin ] --START--
INFO: Run Behavior\ReadHtmlCacheBehavior [ RunTime:0.000474s ]
INFO: [ app_begin ] --END-- [ RunTime:0.000525s ]
NOTIC: [8] Use of undefined constant CURLOPT_IPRESOLVE - assumed 'CURLOPT_IPRESOLVE' /mnt/wecan/vendor/overtrue/wechat/src/Core/Http.php 第 74 行.
NOTIC: [8] Use of undefined constant CURL_IPRESOLVE_V4 - assumed 'CURL_IPRESOLVE_V4' /mnt/wecan/vendor/overtrue/wechat/src/Core/Http.php 第 74 行.
SQL: SHOW COLUMNS FROM `menu` [ RunTime:0.0005s ]
SQL: SELECT * FROM `menu`  [ RunTime:0.0002s ]
INFO: [ view_parse ] --START--
INFO: [ template_filter ] --START--
INFO: Run Behavior\ContentReplaceBehavior [ RunTime:0.000041s ]
INFO: [ template_filter ] --END-- [ RunTime:0.000089s ]
INFO: Run Behavior\ParseTemplateBehavior [ RunTime:0.016486s ]
INFO: [ view_parse ] --END-- [ RunTime:0.016545s ]
INFO: [ view_filter ] --START--
INFO: Run Behavior\WriteHtmlCacheBehavior [ RunTime:0.000443s ]
INFO: [ view_filter ] --END-- [ RunTime:0.000470s ]
INFO: [ app_end ] --START--
INFO: Run Behavior\ShowPageTraceBehavior [ RunTime:0.000364s ]
INFO: [ app_end ] --END-- [ RunTime:0.000388s ]

[ 2017-04-10T18:37:43+08:00 ] 192.168.56.1 /index.php?s=/Home/Order/orderDesk.html
INFO: [ app_init ] --START--
INFO: Run Behavior\BuildLiteBehavior [ RunTime:0.000019s ]
INFO: [ app_init ] --END-- [ RunTime:0.001067s ]
INFO: [ app_begin ] --START--
INFO: Run Behavior\ReadHtmlCacheBehavior [ RunTime:0.001436s ]
INFO: [ app_begin ] --END-- [ RunTime:0.001517s ]
NOTIC: [8] Use of undefined constant CURLOPT_IPRESOLVE - assumed 'CURLOPT_IPRESOLVE' /mnt/wecan/vendor/overtrue/wechat/src/Core/Http.php 第 74 行.
NOTIC: [8] Use of undefined constant CURL_IPRESOLVE_V4 - assumed 'CURL_IPRESOLVE_V4' /mnt/wecan/vendor/overtrue/wechat/src/Core/Http.php 第 74 行.
SQL: SHOW COLUMNS FROM `desk` [ RunTime:0.0005s ]
SQL: SELECT * FROM `desk` WHERE `lock` = 0  [ RunTime:0.0002s ]
INFO: [ view_parse ] --START--
INFO: [ template_filter ] --START--
INFO: Run Behavior\ContentReplaceBehavior [ RunTime:0.000044s ]
INFO: [ template_filter ] --END-- [ RunTime:0.000093s ]
INFO: Run Behavior\ParseTemplateBehavior [ RunTime:0.107834s ]
INFO: [ view_parse ] --END-- [ RunTime:0.107913s ]
INFO: [ view_filter ] --START--
INFO: Run Behavior\WriteHtmlCacheBehavior [ RunTime:0.001545s ]
INFO: [ view_filter ] --END-- [ RunTime:0.001587s ]
INFO: [ app_end ] --START--
INFO: Run Behavior\ShowPageTraceBehavior [ RunTime:0.001092s ]
INFO: [ app_end ] --END-- [ RunTime:0.001126s ]

[ 2017-04-10T18:37:50+08:00 ] 192.168.56.1 /index.php?s=/Home/Order/orderDesk.html
INFO: [ app_init ] --START--
INFO: Run Behavior\BuildLiteBehavior [ RunTime:0.000011s ]
INFO: [ app_init ] --END-- [ RunTime:0.000096s ]
INFO: [ app_begin ] --START--
INFO: Run Behavior\ReadHtmlCacheBehavior [ RunTime:0.000668s ]
INFO: [ app_begin ] --END-- [ RunTime:0.000714s ]
NOTIC: [8] Use of undefined constant CURLOPT_IPRESOLVE - assumed 'CURLOPT_IPRESOLVE' /mnt/wecan/vendor/overtrue/wechat/src/Core/Http.php 第 74 行.
NOTIC: [8] Use of undefined constant CURL_IPRESOLVE_V4 - assumed 'CURL_IPRESOLVE_V4' /mnt/wecan/vendor/overtrue/wechat/src/Core/Http.php 第 74 行.

[ 2017-04-10T18:37:51+08:00 ] 192.168.56.1 /index.php?s=/Home/Order/orderMenu.html
INFO: [ app_init ] --START--
INFO: Run Behavior\BuildLiteBehavior [ RunTime:0.000011s ]
INFO: [ app_init ] --END-- [ RunTime:0.000756s ]
INFO: [ app_begin ] --START--
INFO: Run Behavior\ReadHtmlCacheBehavior [ RunTime:0.001024s ]
INFO: [ app_begin ] --END-- [ RunTime:0.001057s ]
NOTIC: [8] Use of undefined constant CURLOPT_IPRESOLVE - assumed 'CURLOPT_IPRESOLVE' /mnt/wecan/vendor/overtrue/wechat/src/Core/Http.php 第 74 行.
NOTIC: [8] Use of undefined constant CURL_IPRESOLVE_V4 - assumed 'CURL_IPRESOLVE_V4' /mnt/wecan/vendor/overtrue/wechat/src/Core/Http.php 第 74 行.
SQL: SHOW COLUMNS FROM `menu` [ RunTime:0.0004s ]
SQL: SELECT * FROM `menu`  [ RunTime:0.0002s ]
INFO: [ view_parse ] --START--
INFO: [ template_filter ] --START--
INFO: Run Behavior\ContentReplaceBehavior [ RunTime:0.000044s ]
INFO: [ template_filter ] --END-- [ RunTime:0.000094s ]
INFO: Run Behavior\ParseTemplateBehavior [ RunTime:0.080309s ]
INFO: [ view_parse ] --END-- [ RunTime:0.080376s ]
INFO: [ view_filter ] --START--
INFO: Run Behavior\WriteHtmlCacheBehavior [ RunTime:0.001198s ]
INFO: [ view_filter ] --END-- [ RunTime:0.001234s ]
INFO: [ app_end ] --START--
INFO: Run Behavior\ShowPageTraceBehavior [ RunTime:0.001658s ]
INFO: [ app_end ] --END-- [ RunTime:0.001695s ]

[ 2017-04-10T18:37:52+08:00 ] 192.168.56.1 /index.php?s=/Home/Order/menuDetail/mid/3.html
INFO: [ app_init ] --START--
INFO: Run Behavior\BuildLiteBehavior [ RunTime:0.000018s ]
INFO: [ app_init ] --END-- [ RunTime:0.000308s ]
INFO: [ app_begin ] --START--
INFO: Run Behavior\ReadHtmlCacheBehavior [ RunTime:0.000777s ]
INFO: [ app_begin ] --END-- [ RunTime:0.000877s ]
NOTIC: [8] Use of undefined constant CURLOPT_IPRESOLVE - assumed 'CURLOPT_IPRESOLVE' /mnt/wecan/vendor/overtrue/wechat/src/Core/Http.php 第 74 行.
NOTIC: [8] Use of undefined constant CURL_IPRESOLVE_V4 - assumed 'CURL_IPRESOLVE_V4' /mnt/wecan/vendor/overtrue/wechat/src/Core/Http.php 第 74 行.
INFO: [ view_parse ] --START--
INFO: [ template_filter ] --START--
INFO: Run Behavior\ContentReplaceBehavior [ RunTime:0.000034s ]
INFO: [ template_filter ] --END-- [ RunTime:0.000078s ]
INFO: Run Behavior\ParseTemplateBehavior [ RunTime:0.021454s ]
INFO: [ view_parse ] --END-- [ RunTime:0.021525s ]
INFO: [ view_filter ] --START--
INFO: Run Behavior\WriteHtmlCacheBehavior [ RunTime:0.000408s ]
INFO: [ view_filter ] --END-- [ RunTime:0.000432s ]
INFO: [ app_end ] --START--
INFO: Run Behavior\ShowPageTraceBehavior [ RunTime:0.000305s ]
INFO: [ app_end ] --END-- [ RunTime:0.000330s ]

[ 2017-04-10T18:37:58+08:00 ] 192.168.56.1 /index.php?s=/Home/Order/menuDetail/mid/4.html
INFO: [ app_init ] --START--
INFO: Run Behavior\BuildLiteBehavior [ RunTime:0.000013s ]
INFO: [ app_init ] --END-- [ RunTime:0.000506s ]
INFO: [ app_begin ] --START--
INFO: Run Behavior\ReadHtmlCacheBehavior [ RunTime:0.000739s ]
INFO: [ app_begin ] --END-- [ RunTime:0.000782s ]
NOTIC: [8] Use of undefined constant CURLOPT_IPRESOLVE - assumed 'CURLOPT_IPRESOLVE' /mnt/wecan/vendor/overtrue/wechat/src/Core/Http.php 第 74 行.
NOTIC: [8] Use of undefined constant CURL_IPRESOLVE_V4 - assumed 'CURL_IPRESOLVE_V4' /mnt/wecan/vendor/overtrue/wechat/src/Core/Http.php 第 74 行.
INFO: [ view_parse ] --START--
INFO: [ template_filter ] --START--
INFO: Run Behavior\ContentReplaceBehavior [ RunTime:0.000033s ]
INFO: [ template_filter ] --END-- [ RunTime:0.000076s ]
INFO: Run Behavior\ParseTemplateBehavior [ RunTime:0.014861s ]
INFO: [ view_parse ] --END-- [ RunTime:0.014921s ]
INFO: [ view_filter ] --START--
INFO: Run Behavior\WriteHtmlCacheBehavior [ RunTime:0.000846s ]
INFO: [ view_filter ] --END-- [ RunTime:0.000873s ]
INFO: [ app_end ] --START--
INFO: Run Behavior\ShowPageTraceBehavior [ RunTime:0.000694s ]
INFO: [ app_end ] --END-- [ RunTime:0.000719s ]

[ 2017-04-10T18:38:03+08:00 ] 192.168.56.1 /index.php?s=/Home/Order/orderMenu.html
INFO: [ app_init ] --START--
INFO: Run Behavior\BuildLiteBehavior [ RunTime:0.000012s ]
INFO: [ app_init ] --END-- [ RunTime:0.000423s ]
INFO: [ app_begin ] --START--
INFO: Run Behavior\ReadHtmlCacheBehavior [ RunTime:0.000959s ]
INFO: [ app_begin ] --END-- [ RunTime:0.001003s ]
NOTIC: [8] Use of undefined constant CURLOPT_IPRESOLVE - assumed 'CURLOPT_IPRESOLVE' /mnt/wecan/vendor/overtrue/wechat/src/Core/Http.php 第 74 行.
NOTIC: [8] Use of undefined constant CURL_IPRESOLVE_V4 - assumed 'CURL_IPRESOLVE_V4' /mnt/wecan/vendor/overtrue/wechat/src/Core/Http.php 第 74 行.

[ 2017-04-10T18:38:03+08:00 ] 192.168.56.1 /index.php?s=/Home/Order/orderInfo.html
INFO: [ app_init ] --START--
INFO: Run Behavior\BuildLiteBehavior [ RunTime:0.000011s ]
INFO: [ app_init ] --END-- [ RunTime:0.000097s ]
INFO: [ app_begin ] --START--
INFO: Run Behavior\ReadHtmlCacheBehavior [ RunTime:0.000346s ]
INFO: [ app_begin ] --END-- [ RunTime:0.000376s ]
NOTIC: [8] Use of undefined constant CURLOPT_IPRESOLVE - assumed 'CURLOPT_IPRESOLVE' /mnt/wecan/vendor/overtrue/wechat/src/Core/Http.php 第 74 行.
NOTIC: [8] Use of undefined constant CURL_IPRESOLVE_V4 - assumed 'CURL_IPRESOLVE_V4' /mnt/wecan/vendor/overtrue/wechat/src/Core/Http.php 第 74 行.
INFO: [ view_parse ] --START--
INFO: [ template_filter ] --START--
INFO: Run Behavior\ContentReplaceBehavior [ RunTime:0.000041s ]
INFO: [ template_filter ] --END-- [ RunTime:0.000089s ]
INFO: Run Behavior\ParseTemplateBehavior [ RunTime:0.083325s ]
INFO: [ view_parse ] --END-- [ RunTime:0.083390s ]
INFO: [ view_filter ] --START--
INFO: Run Behavior\WriteHtmlCacheBehavior [ RunTime:0.001104s ]
INFO: [ view_filter ] --END-- [ RunTime:0.001131s ]
INFO: [ app_end ] --START--
INFO: Run Behavior\ShowPageTraceBehavior [ RunTime:0.001063s ]
INFO: [ app_end ] --END-- [ RunTime:0.001092s ]

[ 2017-04-10T18:38:07+08:00 ] 192.168.56.1 /index.php?s=/Home/Order/orderInfo.html
INFO: [ app_init ] --START--
INFO: Run Behavior\BuildLiteBehavior [ RunTime:0.000012s ]
INFO: [ app_init ] --END-- [ RunTime:0.000471s ]
INFO: [ app_begin ] --START--
INFO: Run Behavior\ReadHtmlCacheBehavior [ RunTime:0.000723s ]
INFO: [ app_begin ] --END-- [ RunTime:0.000760s ]
NOTIC: [8] Use of undefined constant CURLOPT_IPRESOLVE - assumed 'CURLOPT_IPRESOLVE' /mnt/wecan/vendor/overtrue/wechat/src/Core/Http.php 第 74 行.
NOTIC: [8] Use of undefined constant CURL_IPRESOLVE_V4 - assumed 'CURL_IPRESOLVE_V4' /mnt/wecan/vendor/overtrue/wechat/src/Core/Http.php 第 74 行.
SQL: SHOW COLUMNS FROM `menu` [ RunTime:0.0005s ]
SQL: SELECT `price` FROM `menu` WHERE `id` = 3 LIMIT 1   [ RunTime:0.0002s ]
SQL: SELECT `price` FROM `menu` WHERE `id` = 4 LIMIT 1   [ RunTime:0.0001s ]
SQL: SHOW COLUMNS FROM `order` [ RunTime:0.0006s ]
NOTIC: [8] Undefined index: validate /mnt/wecan/ThinkPHP/Library/Think/Model.class.php 第 1185 行.
INFO: [ view_parse ] --START--
INFO: [ template_filter ] --START--
INFO: Run Behavior\ContentReplaceBehavior [ RunTime:0.000081s ]
INFO: [ template_filter ] --END-- [ RunTime:0.000124s ]
INFO: Run Behavior\ParseTemplateBehavior [ RunTime:0.048641s ]
INFO: [ view_parse ] --END-- [ RunTime:0.048716s ]
INFO: [ view_filter ] --START--
INFO: Run Behavior\WriteHtmlCacheBehavior [ RunTime:0.000777s ]
INFO: [ view_filter ] --END-- [ RunTime:0.000803s ]

[ 2017-04-10T18:38:11+08:00 ] 192.168.56.1 /index.php?s=/Home/Index/index.html
INFO: [ app_init ] --START--
INFO: Run Behavior\BuildLiteBehavior [ RunTime:0.000025s ]
INFO: [ app_init ] --END-- [ RunTime:0.000646s ]
INFO: [ app_begin ] --START--
INFO: Run Behavior\ReadHtmlCacheBehavior [ RunTime:0.000722s ]
INFO: [ app_begin ] --END-- [ RunTime:0.000763s ]
NOTIC: [8] Use of undefined constant CURLOPT_IPRESOLVE - assumed 'CURLOPT_IPRESOLVE' /mnt/wecan/vendor/overtrue/wechat/src/Core/Http.php 第 74 行.
NOTIC: [8] Use of undefined constant CURL_IPRESOLVE_V4 - assumed 'CURL_IPRESOLVE_V4' /mnt/wecan/vendor/overtrue/wechat/src/Core/Http.php 第 74 行.
SQL: SHOW COLUMNS FROM `menu` [ RunTime:0.0005s ]
SQL: SELECT * FROM `menu`  [ RunTime:0.0002s ]
INFO: [ view_parse ] --START--
INFO: [ template_filter ] --START--
INFO: Run Behavior\ContentReplaceBehavior [ RunTime:0.000043s ]
INFO: [ template_filter ] --END-- [ RunTime:0.000092s ]
INFO: Run Behavior\ParseTemplateBehavior [ RunTime:0.029542s ]
INFO: [ view_parse ] --END-- [ RunTime:0.029608s ]
INFO: [ view_filter ] --START--
INFO: Run Behavior\WriteHtmlCacheBehavior [ RunTime:0.001015s ]
INFO: [ view_filter ] --END-- [ RunTime:0.001045s ]
INFO: [ app_end ] --START--
INFO: Run Behavior\ShowPageTraceBehavior [ RunTime:0.000757s ]
INFO: [ app_end ] --END-- [ RunTime:0.000784s ]

[ 2017-04-10T18:38:18+08:00 ] 192.168.56.1 /index.php?s=/Home/Customer/index.html
INFO: [ app_init ] --START--
INFO: Run Behavior\BuildLiteBehavior [ RunTime:0.000011s ]
INFO: [ app_init ] --END-- [ RunTime:0.000400s ]
INFO: [ app_begin ] --START--
INFO: Run Behavior\ReadHtmlCacheBehavior [ RunTime:0.001428s ]
INFO: [ app_begin ] --END-- [ RunTime:0.001495s ]
NOTIC: [8] Use of undefined constant CURLOPT_IPRESOLVE - assumed 'CURLOPT_IPRESOLVE' /mnt/wecan/vendor/overtrue/wechat/src/Core/Http.php 第 74 行.
NOTIC: [8] Use of undefined constant CURL_IPRESOLVE_V4 - assumed 'CURL_IPRESOLVE_V4' /mnt/wecan/vendor/overtrue/wechat/src/Core/Http.php 第 74 行.
SQL: SHOW COLUMNS FROM `order` [ RunTime:0.0004s ]
SQL: SHOW COLUMNS FROM `customer` [ RunTime:0.0003s ]
SQL: SELECT `id` FROM `customer` WHERE `openid` = 'DF234DSD5' LIMIT 1   [ RunTime:0.0002s ]
SQL: SELECT order.id,order.create_time,desk.name AS `dkname` FROM `order` LEFT JOIN desk on desk.id = order.dkid  WHERE `uid` = 1  [ RunTime:0.0002s ]
INFO: [ view_parse ] --START--
INFO: [ template_filter ] --START--
INFO: Run Behavior\ContentReplaceBehavior [ RunTime:0.000045s ]
INFO: [ template_filter ] --END-- [ RunTime:0.000096s ]
INFO: Run Behavior\ParseTemplateBehavior [ RunTime:0.085158s ]
INFO: [ view_parse ] --END-- [ RunTime:0.085225s ]
INFO: [ view_filter ] --START--
INFO: Run Behavior\WriteHtmlCacheBehavior [ RunTime:0.001170s ]
INFO: [ view_filter ] --END-- [ RunTime:0.001198s ]
INFO: [ app_end ] --START--
INFO: Run Behavior\ShowPageTraceBehavior [ RunTime:0.001026s ]
INFO: [ app_end ] --END-- [ RunTime:0.001051s ]

[ 2017-04-10T18:38:22+08:00 ] 192.168.56.1 /index.php?s=/Home/Index/index.html
INFO: [ app_init ] --START--
INFO: Run Behavior\BuildLiteBehavior [ RunTime:0.000013s ]
INFO: [ app_init ] --END-- [ RunTime:0.000553s ]
INFO: [ app_begin ] --START--
INFO: Run Behavior\ReadHtmlCacheBehavior [ RunTime:0.000780s ]
INFO: [ app_begin ] --END-- [ RunTime:0.000820s ]
NOTIC: [8] Use of undefined constant CURLOPT_IPRESOLVE - assumed 'CURLOPT_IPRESOLVE' /mnt/wecan/vendor/overtrue/wechat/src/Core/Http.php 第 74 行.
NOTIC: [8] Use of undefined constant CURL_IPRESOLVE_V4 - assumed 'CURL_IPRESOLVE_V4' /mnt/wecan/vendor/overtrue/wechat/src/Core/Http.php 第 74 行.
SQL: SHOW COLUMNS FROM `menu` [ RunTime:0.0006s ]
SQL: SELECT * FROM `menu`  [ RunTime:0.0003s ]
INFO: [ view_parse ] --START--
INFO: [ template_filter ] --START--
INFO: Run Behavior\ContentReplaceBehavior [ RunTime:0.000041s ]
INFO: [ template_filter ] --END-- [ RunTime:0.000087s ]
INFO: Run Behavior\ParseTemplateBehavior [ RunTime:0.017375s ]
INFO: [ view_parse ] --END-- [ RunTime:0.017444s ]
INFO: [ view_filter ] --START--
INFO: Run Behavior\WriteHtmlCacheBehavior [ RunTime:0.001040s ]
INFO: [ view_filter ] --END-- [ RunTime:0.001075s ]
INFO: [ app_end ] --START--
INFO: Run Behavior\ShowPageTraceBehavior [ RunTime:0.001114s ]
INFO: [ app_end ] --END-- [ RunTime:0.001141s ]

