[ 2017-04-08T00:08:45+08:00 ] 192.168.56.1 /index.php
INFO: [ app_init ] --START--
INFO: Run Behavior\BuildLiteBehavior [ RunTime:0.000014s ]
INFO: [ app_init ] --END-- [ RunTime:0.000785s ]
INFO: [ app_begin ] --START--
INFO: Run Behavior\ReadHtmlCacheBehavior [ RunTime:0.001082s ]
INFO: [ app_begin ] --END-- [ RunTime:0.001126s ]

[ 2017-04-08T00:10:10+08:00 ] 192.168.56.1 /index.php
INFO: [ app_init ] --START--
INFO: Run Behavior\BuildLiteBehavior [ RunTime:0.000016s ]
INFO: [ app_init ] --END-- [ RunTime:0.000963s ]
INFO: [ app_begin ] --START--
INFO: Run Behavior\ReadHtmlCacheBehavior [ RunTime:0.001784s ]
INFO: [ app_begin ] --END-- [ RunTime:0.001847s ]

[ 2017-04-08T00:10:21+08:00 ] 192.168.56.1 /index.php
INFO: [ app_init ] --START--
INFO: Run Behavior\BuildLiteBehavior [ RunTime:0.000012s ]
INFO: [ app_init ] --END-- [ RunTime:0.000415s ]
INFO: [ app_begin ] --START--
INFO: Run Behavior\ReadHtmlCacheBehavior [ RunTime:0.001004s ]
INFO: [ app_begin ] --END-- [ RunTime:0.001075s ]
NOTIC: [8] Use of undefined constant CURLOPT_IPRESOLVE - assumed 'CURLOPT_IPRESOLVE' /mnt/wecan/vendor/overtrue/wechat/src/Core/Http.php 第 74 行.
NOTIC: [8] Use of undefined constant CURL_IPRESOLVE_V4 - assumed 'CURL_IPRESOLVE_V4' /mnt/wecan/vendor/overtrue/wechat/src/Core/Http.php 第 74 行.
SQL: SHOW COLUMNS FROM `menu` [ RunTime:0.0065s ]
SQL: SELECT * FROM `menu`  [ RunTime:0.0002s ]
INFO: [ view_parse ] --START--
INFO: [ template_filter ] --START--
INFO: Run Behavior\ContentReplaceBehavior [ RunTime:0.000045s ]
INFO: [ template_filter ] --END-- [ RunTime:0.000090s ]
INFO: Run Behavior\ParseTemplateBehavior [ RunTime:0.249879s ]
INFO: [ view_parse ] --END-- [ RunTime:0.249932s ]
INFO: [ view_filter ] --START--
INFO: Run Behavior\WriteHtmlCacheBehavior [ RunTime:0.017960s ]
INFO: [ view_filter ] --END-- [ RunTime:0.018015s ]
INFO: [ app_end ] --START--
INFO: Run Behavior\ShowPageTraceBehavior [ RunTime:0.018350s ]
INFO: [ app_end ] --END-- [ RunTime:0.018400s ]

[ 2017-04-08T00:10:29+08:00 ] 192.168.56.1 /index.php?s=/Home/Customer/index.html
INFO: [ app_init ] --START--
INFO: Run Behavior\BuildLiteBehavior [ RunTime:0.000017s ]
INFO: [ app_init ] --END-- [ RunTime:0.000576s ]
INFO: [ app_begin ] --START--
INFO: Run Behavior\ReadHtmlCacheBehavior [ RunTime:0.001043s ]
INFO: [ app_begin ] --END-- [ RunTime:0.001119s ]
NOTIC: [8] Use of undefined constant CURLOPT_IPRESOLVE - assumed 'CURLOPT_IPRESOLVE' /mnt/wecan/vendor/overtrue/wechat/src/Core/Http.php 第 74 行.
NOTIC: [8] Use of undefined constant CURL_IPRESOLVE_V4 - assumed 'CURL_IPRESOLVE_V4' /mnt/wecan/vendor/overtrue/wechat/src/Core/Http.php 第 74 行.
SQL: SHOW COLUMNS FROM `order` [ RunTime:0.0007s ]

[ 2017-04-08T00:10:52+08:00 ] 192.168.56.1 /index.php?s=/Home/Customer/index.html
INFO: [ app_init ] --START--
INFO: Run Behavior\BuildLiteBehavior [ RunTime:0.000012s ]
INFO: [ app_init ] --END-- [ RunTime:0.000781s ]
INFO: [ app_begin ] --START--
INFO: Run Behavior\ReadHtmlCacheBehavior [ RunTime:0.001322s ]
INFO: [ app_begin ] --END-- [ RunTime:0.001377s ]
NOTIC: [8] Use of undefined constant CURLOPT_IPRESOLVE - assumed 'CURLOPT_IPRESOLVE' /mnt/wecan/vendor/overtrue/wechat/src/Core/Http.php 第 74 行.
NOTIC: [8] Use of undefined constant CURL_IPRESOLVE_V4 - assumed 'CURL_IPRESOLVE_V4' /mnt/wecan/vendor/overtrue/wechat/src/Core/Http.php 第 74 行.
SQL: SHOW COLUMNS FROM `order` [ RunTime:0.0005s ]
SQL: SHOW COLUMNS FROM `customer` [ RunTime:0.0005s ]
SQL: SELECT `id` FROM `customer` WHERE `openid` = 'DF234DSD5' LIMIT 1   [ RunTime:0.0002s ]
SQL: SELECT order.id,order.create_time,desk.name AS `dkname` FROM `order` LEFT JOIN desk on desk.id = order.dkid  WHERE `uid` = 1  [ RunTime:0.0267s ]
INFO: [ view_parse ] --START--
INFO: [ template_filter ] --START--
INFO: Run Behavior\ContentReplaceBehavior [ RunTime:0.000056s ]
INFO: [ template_filter ] --END-- [ RunTime:0.000103s ]
INFO: Run Behavior\ParseTemplateBehavior [ RunTime:0.052321s ]
INFO: [ view_parse ] --END-- [ RunTime:0.052390s ]
INFO: [ view_filter ] --START--
INFO: Run Behavior\WriteHtmlCacheBehavior [ RunTime:0.001068s ]
INFO: [ view_filter ] --END-- [ RunTime:0.001096s ]
INFO: [ app_end ] --START--
INFO: Run Behavior\ShowPageTraceBehavior [ RunTime:0.001065s ]
INFO: [ app_end ] --END-- [ RunTime:0.001105s ]

[ 2017-04-08T00:11:34+08:00 ] 192.168.56.1 /index.php?s=/Home/Customer/index.html
INFO: [ app_init ] --START--
INFO: Run Behavior\BuildLiteBehavior [ RunTime:0.000016s ]
INFO: [ app_init ] --END-- [ RunTime:0.000886s ]
INFO: [ app_begin ] --START--
INFO: Run Behavior\ReadHtmlCacheBehavior [ RunTime:0.001005s ]
INFO: [ app_begin ] --END-- [ RunTime:0.001081s ]
NOTIC: [8] Use of undefined constant CURLOPT_IPRESOLVE - assumed 'CURLOPT_IPRESOLVE' /mnt/wecan/vendor/overtrue/wechat/src/Core/Http.php 第 74 行.
NOTIC: [8] Use of undefined constant CURL_IPRESOLVE_V4 - assumed 'CURL_IPRESOLVE_V4' /mnt/wecan/vendor/overtrue/wechat/src/Core/Http.php 第 74 行.
SQL: SHOW COLUMNS FROM `order` [ RunTime:0.0008s ]
SQL: SHOW COLUMNS FROM `customer` [ RunTime:0.0005s ]
SQL: SELECT `id` FROM `customer` WHERE `openid` = 'DF234DSD5' LIMIT 1   [ RunTime:0.0002s ]
SQL: SELECT order.id,order.create_time,desk.name AS `dkname` FROM `order` LEFT JOIN desk on desk.id = order.dkid  WHERE `uid` = 1  [ RunTime:0.0002s ]

[ 2017-04-08T00:13:14+08:00 ] 192.168.56.1 /index.php?s=/Home/Customer/index.html
INFO: [ app_init ] --START--
INFO: Run Behavior\BuildLiteBehavior [ RunTime:0.000011s ]
INFO: [ app_init ] --END-- [ RunTime:0.000748s ]
INFO: [ app_begin ] --START--
INFO: Run Behavior\ReadHtmlCacheBehavior [ RunTime:0.001411s ]
INFO: [ app_begin ] --END-- [ RunTime:0.001472s ]
NOTIC: [8] Use of undefined constant CURLOPT_IPRESOLVE - assumed 'CURLOPT_IPRESOLVE' /mnt/wecan/vendor/overtrue/wechat/src/Core/Http.php 第 74 行.
NOTIC: [8] Use of undefined constant CURL_IPRESOLVE_V4 - assumed 'CURL_IPRESOLVE_V4' /mnt/wecan/vendor/overtrue/wechat/src/Core/Http.php 第 74 行.
SQL: SHOW COLUMNS FROM `order` [ RunTime:0.0005s ]
SQL: SHOW COLUMNS FROM `customer` [ RunTime:0.0003s ]
SQL: SELECT `id` FROM `customer` WHERE `openid` = 'DF234DSD5' LIMIT 1   [ RunTime:0.0002s ]
SQL: SELECT order.id,order.create_time,desk.name AS `dkname` FROM `order` LEFT JOIN desk on desk.id = order.dkid  WHERE `uid` = 1  [ RunTime:0.0002s ]
INFO: [ view_parse ] --START--
INFO: [ template_filter ] --START--
INFO: Run Behavior\ContentReplaceBehavior [ RunTime:0.000044s ]
INFO: [ template_filter ] --END-- [ RunTime:0.000089s ]
INFO: Run Behavior\ParseTemplateBehavior [ RunTime:0.055686s ]
INFO: [ view_parse ] --END-- [ RunTime:0.055760s ]
INFO: [ view_filter ] --START--
INFO: Run Behavior\WriteHtmlCacheBehavior [ RunTime:0.001330s ]
INFO: [ view_filter ] --END-- [ RunTime:0.001375s ]
INFO: [ app_end ] --START--
INFO: Run Behavior\ShowPageTraceBehavior [ RunTime:0.001203s ]
INFO: [ app_end ] --END-- [ RunTime:0.001235s ]

[ 2017-04-08T00:13:20+08:00 ] 192.168.56.1 /index.php
INFO: [ app_init ] --START--
INFO: Run Behavior\BuildLiteBehavior [ RunTime:0.000013s ]
INFO: [ app_init ] --END-- [ RunTime:0.000796s ]
INFO: [ app_begin ] --START--
INFO: Run Behavior\ReadHtmlCacheBehavior [ RunTime:0.001065s ]
INFO: [ app_begin ] --END-- [ RunTime:0.001102s ]
NOTIC: [8] Use of undefined constant CURLOPT_IPRESOLVE - assumed 'CURLOPT_IPRESOLVE' /mnt/wecan/vendor/overtrue/wechat/src/Core/Http.php 第 74 行.
NOTIC: [8] Use of undefined constant CURL_IPRESOLVE_V4 - assumed 'CURL_IPRESOLVE_V4' /mnt/wecan/vendor/overtrue/wechat/src/Core/Http.php 第 74 行.
SQL: SHOW COLUMNS FROM `menu` [ RunTime:0.0005s ]
SQL: SELECT * FROM `menu`  [ RunTime:0.0002s ]
INFO: [ view_parse ] --START--
INFO: [ template_filter ] --START--
INFO: Run Behavior\ContentReplaceBehavior [ RunTime:0.000115s ]
INFO: [ template_filter ] --END-- [ RunTime:0.000194s ]
INFO: Run Behavior\ParseTemplateBehavior [ RunTime:0.019960s ]
INFO: [ view_parse ] --END-- [ RunTime:0.020018s ]
INFO: [ view_filter ] --START--
INFO: Run Behavior\WriteHtmlCacheBehavior [ RunTime:0.001080s ]
INFO: [ view_filter ] --END-- [ RunTime:0.001108s ]
INFO: [ app_end ] --START--
INFO: Run Behavior\ShowPageTraceBehavior [ RunTime:0.001460s ]
INFO: [ app_end ] --END-- [ RunTime:0.001511s ]

[ 2017-04-08T00:13:28+08:00 ] 192.168.56.1 /index.php?s=/Home/Order/orderDesk.html
INFO: [ app_init ] --START--
INFO: Run Behavior\BuildLiteBehavior [ RunTime:0.000016s ]
INFO: [ app_init ] --END-- [ RunTime:0.000713s ]
INFO: [ app_begin ] --START--
INFO: Run Behavior\ReadHtmlCacheBehavior [ RunTime:0.000701s ]
INFO: [ app_begin ] --END-- [ RunTime:0.000734s ]
NOTIC: [8] Use of undefined constant CURLOPT_IPRESOLVE - assumed 'CURLOPT_IPRESOLVE' /mnt/wecan/vendor/overtrue/wechat/src/Core/Http.php 第 74 行.
NOTIC: [8] Use of undefined constant CURL_IPRESOLVE_V4 - assumed 'CURL_IPRESOLVE_V4' /mnt/wecan/vendor/overtrue/wechat/src/Core/Http.php 第 74 行.
SQL: SHOW COLUMNS FROM `desk` [ RunTime:0.0004s ]
SQL: SELECT * FROM `desk` WHERE `lock` = 0  [ RunTime:0.0002s ]
INFO: [ view_parse ] --START--
INFO: [ template_filter ] --START--
INFO: Run Behavior\ContentReplaceBehavior [ RunTime:0.000046s ]
INFO: [ template_filter ] --END-- [ RunTime:0.000092s ]
INFO: Run Behavior\ParseTemplateBehavior [ RunTime:0.092758s ]
INFO: [ view_parse ] --END-- [ RunTime:0.092808s ]
INFO: [ view_filter ] --START--
INFO: Run Behavior\WriteHtmlCacheBehavior [ RunTime:0.001123s ]
INFO: [ view_filter ] --END-- [ RunTime:0.001154s ]
INFO: [ app_end ] --START--
INFO: Run Behavior\ShowPageTraceBehavior [ RunTime:0.001069s ]
INFO: [ app_end ] --END-- [ RunTime:0.001100s ]

[ 2017-04-08T00:13:33+08:00 ] 192.168.56.1 /index.php?s=/Home/Order/orderDesk.html
INFO: [ app_init ] --START--
INFO: Run Behavior\BuildLiteBehavior [ RunTime:0.000016s ]
INFO: [ app_init ] --END-- [ RunTime:0.001099s ]
INFO: [ app_begin ] --START--
INFO: Run Behavior\ReadHtmlCacheBehavior [ RunTime:0.001175s ]
INFO: [ app_begin ] --END-- [ RunTime:0.001224s ]
NOTIC: [8] Use of undefined constant CURLOPT_IPRESOLVE - assumed 'CURLOPT_IPRESOLVE' /mnt/wecan/vendor/overtrue/wechat/src/Core/Http.php 第 74 行.
NOTIC: [8] Use of undefined constant CURL_IPRESOLVE_V4 - assumed 'CURL_IPRESOLVE_V4' /mnt/wecan/vendor/overtrue/wechat/src/Core/Http.php 第 74 行.

[ 2017-04-08T00:13:33+08:00 ] 192.168.56.1 /index.php?s=/Home/Order/orderMenu.html
INFO: [ app_init ] --START--
INFO: Run Behavior\BuildLiteBehavior [ RunTime:0.000009s ]
INFO: [ app_init ] --END-- [ RunTime:0.000086s ]
INFO: [ app_begin ] --START--
INFO: Run Behavior\ReadHtmlCacheBehavior [ RunTime:0.000354s ]
INFO: [ app_begin ] --END-- [ RunTime:0.000385s ]
NOTIC: [8] Use of undefined constant CURLOPT_IPRESOLVE - assumed 'CURLOPT_IPRESOLVE' /mnt/wecan/vendor/overtrue/wechat/src/Core/Http.php 第 74 行.
NOTIC: [8] Use of undefined constant CURL_IPRESOLVE_V4 - assumed 'CURL_IPRESOLVE_V4' /mnt/wecan/vendor/overtrue/wechat/src/Core/Http.php 第 74 行.
SQL: SHOW COLUMNS FROM `menu` [ RunTime:0.0005s ]
SQL: SELECT * FROM `menu`  [ RunTime:0.0002s ]
INFO: [ view_parse ] --START--
INFO: [ template_filter ] --START--
INFO: Run Behavior\ContentReplaceBehavior [ RunTime:0.000052s ]
INFO: [ template_filter ] --END-- [ RunTime:0.000103s ]
INFO: Run Behavior\ParseTemplateBehavior [ RunTime:0.111097s ]
INFO: [ view_parse ] --END-- [ RunTime:0.111158s ]
INFO: [ view_filter ] --START--
INFO: Run Behavior\WriteHtmlCacheBehavior [ RunTime:0.001451s ]
INFO: [ view_filter ] --END-- [ RunTime:0.001496s ]
INFO: [ app_end ] --START--
INFO: Run Behavior\ShowPageTraceBehavior [ RunTime:0.001570s ]
INFO: [ app_end ] --END-- [ RunTime:0.001622s ]

[ 2017-04-08T00:13:34+08:00 ] 192.168.56.1 /index.php?s=/Home/Order/menuDetail/mid/3.html
INFO: [ app_init ] --START--
INFO: Run Behavior\BuildLiteBehavior [ RunTime:0.000017s ]
INFO: [ app_init ] --END-- [ RunTime:0.000153s ]
INFO: [ app_begin ] --START--
INFO: Run Behavior\ReadHtmlCacheBehavior [ RunTime:0.000730s ]
INFO: [ app_begin ] --END-- [ RunTime:0.000819s ]
NOTIC: [8] Use of undefined constant CURLOPT_IPRESOLVE - assumed 'CURLOPT_IPRESOLVE' /mnt/wecan/vendor/overtrue/wechat/src/Core/Http.php 第 74 行.
NOTIC: [8] Use of undefined constant CURL_IPRESOLVE_V4 - assumed 'CURL_IPRESOLVE_V4' /mnt/wecan/vendor/overtrue/wechat/src/Core/Http.php 第 74 行.
INFO: [ view_parse ] --START--
INFO: [ template_filter ] --START--
INFO: Run Behavior\ContentReplaceBehavior [ RunTime:0.000033s ]
INFO: [ template_filter ] --END-- [ RunTime:0.000076s ]
INFO: Run Behavior\ParseTemplateBehavior [ RunTime:0.021023s ]
INFO: [ view_parse ] --END-- [ RunTime:0.021084s ]
INFO: [ view_filter ] --START--
INFO: Run Behavior\WriteHtmlCacheBehavior [ RunTime:0.000411s ]
INFO: [ view_filter ] --END-- [ RunTime:0.000435s ]
INFO: [ app_end ] --START--
INFO: Run Behavior\ShowPageTraceBehavior [ RunTime:0.000360s ]
INFO: [ app_end ] --END-- [ RunTime:0.000385s ]

[ 2017-04-08T00:13:37+08:00 ] 192.168.56.1 /index.php?s=/Home/Order/menuDetail/mid/4.html
INFO: [ app_init ] --START--
INFO: Run Behavior\BuildLiteBehavior [ RunTime:0.000013s ]
INFO: [ app_init ] --END-- [ RunTime:0.000496s ]
INFO: [ app_begin ] --START--
INFO: Run Behavior\ReadHtmlCacheBehavior [ RunTime:0.001436s ]
INFO: [ app_begin ] --END-- [ RunTime:0.001512s ]
NOTIC: [8] Use of undefined constant CURLOPT_IPRESOLVE - assumed 'CURLOPT_IPRESOLVE' /mnt/wecan/vendor/overtrue/wechat/src/Core/Http.php 第 74 行.
NOTIC: [8] Use of undefined constant CURL_IPRESOLVE_V4 - assumed 'CURL_IPRESOLVE_V4' /mnt/wecan/vendor/overtrue/wechat/src/Core/Http.php 第 74 行.
INFO: [ view_parse ] --START--
INFO: [ template_filter ] --START--
INFO: Run Behavior\ContentReplaceBehavior [ RunTime:0.000038s ]
INFO: [ template_filter ] --END-- [ RunTime:0.000125s ]
INFO: Run Behavior\ParseTemplateBehavior [ RunTime:0.018637s ]
INFO: [ view_parse ] --END-- [ RunTime:0.018699s ]
INFO: [ view_filter ] --START--
INFO: Run Behavior\WriteHtmlCacheBehavior [ RunTime:0.001150s ]
INFO: [ view_filter ] --END-- [ RunTime:0.001176s ]
INFO: [ app_end ] --START--
INFO: Run Behavior\ShowPageTraceBehavior [ RunTime:0.001259s ]
INFO: [ app_end ] --END-- [ RunTime:0.001306s ]

[ 2017-04-08T00:13:40+08:00 ] 192.168.56.1 /index.php?s=/Home/Order/menuDetail/mid/5.html
INFO: [ app_init ] --START--
INFO: Run Behavior\BuildLiteBehavior [ RunTime:0.000014s ]
INFO: [ app_init ] --END-- [ RunTime:0.000487s ]
INFO: [ app_begin ] --START--
INFO: Run Behavior\ReadHtmlCacheBehavior [ RunTime:0.000856s ]
INFO: [ app_begin ] --END-- [ RunTime:0.000890s ]
NOTIC: [8] Use of undefined constant CURLOPT_IPRESOLVE - assumed 'CURLOPT_IPRESOLVE' /mnt/wecan/vendor/overtrue/wechat/src/Core/Http.php 第 74 行.
NOTIC: [8] Use of undefined constant CURL_IPRESOLVE_V4 - assumed 'CURL_IPRESOLVE_V4' /mnt/wecan/vendor/overtrue/wechat/src/Core/Http.php 第 74 行.
INFO: [ view_parse ] --START--
INFO: [ template_filter ] --START--
INFO: Run Behavior\ContentReplaceBehavior [ RunTime:0.000049s ]
INFO: [ template_filter ] --END-- [ RunTime:0.000124s ]
INFO: Run Behavior\ParseTemplateBehavior [ RunTime:0.018663s ]
INFO: [ view_parse ] --END-- [ RunTime:0.018739s ]
INFO: [ view_filter ] --START--
INFO: Run Behavior\WriteHtmlCacheBehavior [ RunTime:0.001204s ]
INFO: [ view_filter ] --END-- [ RunTime:0.001235s ]
INFO: [ app_end ] --START--
INFO: Run Behavior\ShowPageTraceBehavior [ RunTime:0.001091s ]
INFO: [ app_end ] --END-- [ RunTime:0.001118s ]

[ 2017-04-08T00:13:44+08:00 ] 192.168.56.1 /index.php?s=/Home/Order/orderMenu.html
INFO: [ app_init ] --START--
INFO: Run Behavior\BuildLiteBehavior [ RunTime:0.000013s ]
INFO: [ app_init ] --END-- [ RunTime:0.000454s ]
INFO: [ app_begin ] --START--
INFO: Run Behavior\ReadHtmlCacheBehavior [ RunTime:0.001470s ]
INFO: [ app_begin ] --END-- [ RunTime:0.001525s ]
NOTIC: [8] Use of undefined constant CURLOPT_IPRESOLVE - assumed 'CURLOPT_IPRESOLVE' /mnt/wecan/vendor/overtrue/wechat/src/Core/Http.php 第 74 行.
NOTIC: [8] Use of undefined constant CURL_IPRESOLVE_V4 - assumed 'CURL_IPRESOLVE_V4' /mnt/wecan/vendor/overtrue/wechat/src/Core/Http.php 第 74 行.

[ 2017-04-08T00:13:44+08:00 ] 192.168.56.1 /index.php?s=/Home/Order/orderInfo.html
INFO: [ app_init ] --START--
INFO: Run Behavior\BuildLiteBehavior [ RunTime:0.000009s ]
INFO: [ app_init ] --END-- [ RunTime:0.000084s ]
INFO: [ app_begin ] --START--
INFO: Run Behavior\ReadHtmlCacheBehavior [ RunTime:0.000384s ]
INFO: [ app_begin ] --END-- [ RunTime:0.000417s ]
NOTIC: [8] Use of undefined constant CURLOPT_IPRESOLVE - assumed 'CURLOPT_IPRESOLVE' /mnt/wecan/vendor/overtrue/wechat/src/Core/Http.php 第 74 行.
NOTIC: [8] Use of undefined constant CURL_IPRESOLVE_V4 - assumed 'CURL_IPRESOLVE_V4' /mnt/wecan/vendor/overtrue/wechat/src/Core/Http.php 第 74 行.
INFO: [ view_parse ] --START--
INFO: [ template_filter ] --START--
INFO: Run Behavior\ContentReplaceBehavior [ RunTime:0.000042s ]
INFO: [ template_filter ] --END-- [ RunTime:0.000090s ]
INFO: Run Behavior\ParseTemplateBehavior [ RunTime:0.074609s ]
INFO: [ view_parse ] --END-- [ RunTime:0.074666s ]
INFO: [ view_filter ] --START--
INFO: Run Behavior\WriteHtmlCacheBehavior [ RunTime:0.001177s ]
INFO: [ view_filter ] --END-- [ RunTime:0.001220s ]
INFO: [ app_end ] --START--
INFO: Run Behavior\ShowPageTraceBehavior [ RunTime:0.000911s ]
INFO: [ app_end ] --END-- [ RunTime:0.000941s ]

[ 2017-04-08T00:13:57+08:00 ] 192.168.56.1 /index.php?s=/Home/Order/orderInfo.html
INFO: [ app_init ] --START--
INFO: Run Behavior\BuildLiteBehavior [ RunTime:0.000022s ]
INFO: [ app_init ] --END-- [ RunTime:0.000824s ]
INFO: [ app_begin ] --START--
INFO: Run Behavior\ReadHtmlCacheBehavior [ RunTime:0.000992s ]
INFO: [ app_begin ] --END-- [ RunTime:0.001041s ]
NOTIC: [8] Use of undefined constant CURLOPT_IPRESOLVE - assumed 'CURLOPT_IPRESOLVE' /mnt/wecan/vendor/overtrue/wechat/src/Core/Http.php 第 74 行.
NOTIC: [8] Use of undefined constant CURL_IPRESOLVE_V4 - assumed 'CURL_IPRESOLVE_V4' /mnt/wecan/vendor/overtrue/wechat/src/Core/Http.php 第 74 行.
SQL: SHOW COLUMNS FROM `menu` [ RunTime:0.0005s ]
SQL: SELECT `price` FROM `menu` WHERE `id` = 3 LIMIT 1   [ RunTime:0.0003s ]
SQL: SELECT `price` FROM `menu` WHERE `id` = 4 LIMIT 1   [ RunTime:0.0003s ]
SQL: SELECT `price` FROM `menu` WHERE `id` = 5 LIMIT 1   [ RunTime:0.0001s ]
SQL: SHOW COLUMNS FROM `order` [ RunTime:0.0006s ]
NOTIC: [8] Undefined index: validate /mnt/wecan/ThinkPHP/Library/Think/Model.class.php 第 1185 行.
NOTIC: [8] Undefined index: auto /mnt/wecan/ThinkPHP/Library/Think/Model.class.php 第 1128 行.
SQL: INSERT INTO `order` (`uid`,`total_price`,`use_time`,`phone`,`dkid`,`muid`,`person`,`create_time`,`update_time`,`final_price`) VALUES ('1','68','1491581634','15068232338','3','{\"3\":\"2\",\"4\":\"1\",\"5\":\"2\"}','4','1491581637','1491581637','68') [ RunTime:0.0520s ]
INFO: [ view_parse ] --START--
INFO: [ template_filter ] --START--
INFO: Run Behavior\ContentReplaceBehavior [ RunTime:0.000036s ]
INFO: [ template_filter ] --END-- [ RunTime:0.000082s ]
INFO: Run Behavior\ParseTemplateBehavior [ RunTime:0.089415s ]
INFO: [ view_parse ] --END-- [ RunTime:0.089497s ]
INFO: [ view_filter ] --START--
INFO: Run Behavior\WriteHtmlCacheBehavior [ RunTime:0.001580s ]
INFO: [ view_filter ] --END-- [ RunTime:0.001612s ]
INFO: [ app_end ] --START--
INFO: Run Behavior\ShowPageTraceBehavior [ RunTime:0.000998s ]
INFO: [ app_end ] --END-- [ RunTime:0.001027s ]

[ 2017-04-08T00:13:58+08:00 ] 192.168.56.1 /index.php?s=/Home/Customer/index.html
INFO: [ app_init ] --START--
INFO: Run Behavior\BuildLiteBehavior [ RunTime:0.000086s ]
INFO: [ app_init ] --END-- [ RunTime:0.000338s ]
INFO: [ app_begin ] --START--
INFO: Run Behavior\ReadHtmlCacheBehavior [ RunTime:0.001403s ]
INFO: [ app_begin ] --END-- [ RunTime:0.001502s ]
NOTIC: [8] Use of undefined constant CURLOPT_IPRESOLVE - assumed 'CURLOPT_IPRESOLVE' /mnt/wecan/vendor/overtrue/wechat/src/Core/Http.php 第 74 行.
NOTIC: [8] Use of undefined constant CURL_IPRESOLVE_V4 - assumed 'CURL_IPRESOLVE_V4' /mnt/wecan/vendor/overtrue/wechat/src/Core/Http.php 第 74 行.
SQL: SHOW COLUMNS FROM `order` [ RunTime:0.0007s ]
SQL: SHOW COLUMNS FROM `customer` [ RunTime:0.0005s ]
SQL: SELECT `id` FROM `customer` WHERE `openid` = 'DF234DSD5' LIMIT 1   [ RunTime:0.0002s ]
SQL: SELECT order.id,order.create_time,desk.name AS `dkname` FROM `order` LEFT JOIN desk on desk.id = order.dkid  WHERE `uid` = 1  [ RunTime:0.0003s ]
INFO: [ view_parse ] --START--
INFO: [ template_filter ] --START--
INFO: Run Behavior\ContentReplaceBehavior [ RunTime:0.000042s ]
INFO: [ template_filter ] --END-- [ RunTime:0.000085s ]
INFO: Run Behavior\ParseTemplateBehavior [ RunTime:0.016168s ]
INFO: [ view_parse ] --END-- [ RunTime:0.016227s ]
INFO: [ view_filter ] --START--
INFO: Run Behavior\WriteHtmlCacheBehavior [ RunTime:0.000479s ]
INFO: [ view_filter ] --END-- [ RunTime:0.000508s ]
INFO: [ app_end ] --START--
INFO: Run Behavior\ShowPageTraceBehavior [ RunTime:0.000344s ]
INFO: [ app_end ] --END-- [ RunTime:0.000370s ]

[ 2017-04-08T00:16:09+08:00 ] 192.168.56.1 /index.php?s=/Home/Customer/index.html
INFO: [ app_init ] --START--
INFO: Run Behavior\BuildLiteBehavior [ RunTime:0.000016s ]
INFO: [ app_init ] --END-- [ RunTime:0.000813s ]
INFO: [ app_begin ] --START--
INFO: Run Behavior\ReadHtmlCacheBehavior [ RunTime:0.001107s ]
INFO: [ app_begin ] --END-- [ RunTime:0.001158s ]
NOTIC: [8] Use of undefined constant CURLOPT_IPRESOLVE - assumed 'CURLOPT_IPRESOLVE' /mnt/wecan/vendor/overtrue/wechat/src/Core/Http.php 第 74 行.
NOTIC: [8] Use of undefined constant CURL_IPRESOLVE_V4 - assumed 'CURL_IPRESOLVE_V4' /mnt/wecan/vendor/overtrue/wechat/src/Core/Http.php 第 74 行.
SQL: SHOW COLUMNS FROM `order` [ RunTime:0.0005s ]
SQL: SHOW COLUMNS FROM `customer` [ RunTime:0.0004s ]
SQL: SELECT `id` FROM `customer` WHERE `openid` = 'DF234DSD5' LIMIT 1   [ RunTime:0.0002s ]
SQL: SELECT order.id,order.create_time,desk.name AS `dkname` FROM `order` LEFT JOIN desk on desk.id = order.dkid  WHERE `uid` = 1  [ RunTime:0.0002s ]
INFO: [ view_parse ] --START--
INFO: [ template_filter ] --START--
INFO: Run Behavior\ContentReplaceBehavior [ RunTime:0.000043s ]
INFO: [ template_filter ] --END-- [ RunTime:0.000088s ]
INFO: Run Behavior\ParseTemplateBehavior [ RunTime:0.052280s ]
INFO: [ view_parse ] --END-- [ RunTime:0.052337s ]
INFO: [ view_filter ] --START--
INFO: Run Behavior\WriteHtmlCacheBehavior [ RunTime:0.001224s ]
INFO: [ view_filter ] --END-- [ RunTime:0.001258s ]
INFO: [ app_end ] --START--
INFO: Run Behavior\ShowPageTraceBehavior [ RunTime:0.001113s ]
INFO: [ app_end ] --END-- [ RunTime:0.001140s ]

[ 2017-04-08T00:16:11+08:00 ] 192.168.56.1 /index.php?s=/Home/Index/index.html
INFO: [ app_init ] --START--
INFO: Run Behavior\BuildLiteBehavior [ RunTime:0.000011s ]
INFO: [ app_init ] --END-- [ RunTime:0.000093s ]
INFO: [ app_begin ] --START--
INFO: Run Behavior\ReadHtmlCacheBehavior [ RunTime:0.000374s ]
INFO: [ app_begin ] --END-- [ RunTime:0.000407s ]
NOTIC: [8] Use of undefined constant CURLOPT_IPRESOLVE - assumed 'CURLOPT_IPRESOLVE' /mnt/wecan/vendor/overtrue/wechat/src/Core/Http.php 第 74 行.
NOTIC: [8] Use of undefined constant CURL_IPRESOLVE_V4 - assumed 'CURL_IPRESOLVE_V4' /mnt/wecan/vendor/overtrue/wechat/src/Core/Http.php 第 74 行.
SQL: SHOW COLUMNS FROM `menu` [ RunTime:0.0004s ]
SQL: SELECT * FROM `menu`  [ RunTime:0.0002s ]
INFO: [ view_parse ] --START--
INFO: [ template_filter ] --START--
INFO: Run Behavior\ContentReplaceBehavior [ RunTime:0.000042s ]
INFO: [ template_filter ] --END-- [ RunTime:0.000085s ]
INFO: Run Behavior\ParseTemplateBehavior [ RunTime:0.015487s ]
INFO: [ view_parse ] --END-- [ RunTime:0.015541s ]
INFO: [ view_filter ] --START--
INFO: Run Behavior\WriteHtmlCacheBehavior [ RunTime:0.000484s ]
INFO: [ view_filter ] --END-- [ RunTime:0.000514s ]
INFO: [ app_end ] --START--
INFO: Run Behavior\ShowPageTraceBehavior [ RunTime:0.000359s ]
INFO: [ app_end ] --END-- [ RunTime:0.000386s ]

[ 2017-04-08T00:16:14+08:00 ] 192.168.56.1 /index.php?s=/Home/Customer/index.html
INFO: [ app_init ] --START--
INFO: Run Behavior\BuildLiteBehavior [ RunTime:0.000013s ]
INFO: [ app_init ] --END-- [ RunTime:0.000452s ]
INFO: [ app_begin ] --START--
INFO: Run Behavior\ReadHtmlCacheBehavior [ RunTime:0.001568s ]
INFO: [ app_begin ] --END-- [ RunTime:0.001634s ]
NOTIC: [8] Use of undefined constant CURLOPT_IPRESOLVE - assumed 'CURLOPT_IPRESOLVE' /mnt/wecan/vendor/overtrue/wechat/src/Core/Http.php 第 74 行.
NOTIC: [8] Use of undefined constant CURL_IPRESOLVE_V4 - assumed 'CURL_IPRESOLVE_V4' /mnt/wecan/vendor/overtrue/wechat/src/Core/Http.php 第 74 行.
SQL: SHOW COLUMNS FROM `order` [ RunTime:0.0004s ]
SQL: SHOW COLUMNS FROM `customer` [ RunTime:0.0003s ]
SQL: SELECT `id` FROM `customer` WHERE `openid` = 'DF234DSD5' LIMIT 1   [ RunTime:0.0002s ]
SQL: SELECT order.id,order.create_time,desk.name AS `dkname` FROM `order` LEFT JOIN desk on desk.id = order.dkid  WHERE `uid` = 1  [ RunTime:0.0004s ]
INFO: [ view_parse ] --START--
INFO: [ template_filter ] --START--
INFO: Run Behavior\ContentReplaceBehavior [ RunTime:0.000043s ]
INFO: [ template_filter ] --END-- [ RunTime:0.000086s ]
INFO: Run Behavior\ParseTemplateBehavior [ RunTime:0.020794s ]
INFO: [ view_parse ] --END-- [ RunTime:0.020875s ]
INFO: [ view_filter ] --START--
INFO: Run Behavior\WriteHtmlCacheBehavior [ RunTime:0.001191s ]
INFO: [ view_filter ] --END-- [ RunTime:0.001224s ]
INFO: [ app_end ] --START--
INFO: Run Behavior\ShowPageTraceBehavior [ RunTime:0.001388s ]
INFO: [ app_end ] --END-- [ RunTime:0.001437s ]

[ 2017-04-08T00:16:17+08:00 ] 192.168.56.1 /index.php?s=/Home/Index/index.html
INFO: [ app_init ] --START--
INFO: Run Behavior\BuildLiteBehavior [ RunTime:0.000013s ]
INFO: [ app_init ] --END-- [ RunTime:0.000763s ]
INFO: [ app_begin ] --START--
INFO: Run Behavior\ReadHtmlCacheBehavior [ RunTime:0.001065s ]
INFO: [ app_begin ] --END-- [ RunTime:0.001100s ]
NOTIC: [8] Use of undefined constant CURLOPT_IPRESOLVE - assumed 'CURLOPT_IPRESOLVE' /mnt/wecan/vendor/overtrue/wechat/src/Core/Http.php 第 74 行.
NOTIC: [8] Use of undefined constant CURL_IPRESOLVE_V4 - assumed 'CURL_IPRESOLVE_V4' /mnt/wecan/vendor/overtrue/wechat/src/Core/Http.php 第 74 行.
SQL: SHOW COLUMNS FROM `menu` [ RunTime:0.0005s ]
SQL: SELECT * FROM `menu`  [ RunTime:0.0002s ]
INFO: [ view_parse ] --START--
INFO: [ template_filter ] --START--
INFO: Run Behavior\ContentReplaceBehavior [ RunTime:0.000043s ]
INFO: [ template_filter ] --END-- [ RunTime:0.000088s ]
INFO: Run Behavior\ParseTemplateBehavior [ RunTime:0.019516s ]
INFO: [ view_parse ] --END-- [ RunTime:0.019571s ]
INFO: [ view_filter ] --START--
INFO: Run Behavior\WriteHtmlCacheBehavior [ RunTime:0.001240s ]
INFO: [ view_filter ] --END-- [ RunTime:0.001273s ]
INFO: [ app_end ] --START--
INFO: Run Behavior\ShowPageTraceBehavior [ RunTime:0.001404s ]
INFO: [ app_end ] --END-- [ RunTime:0.001432s ]

[ 2017-04-08T00:32:39+08:00 ] 192.168.56.1 /index.php?s=/Home/Index/index.html
INFO: [ app_init ] --START--
INFO: Run Behavior\BuildLiteBehavior [ RunTime:0.000013s ]
INFO: [ app_init ] --END-- [ RunTime:0.000824s ]
INFO: [ app_begin ] --START--
INFO: Run Behavior\ReadHtmlCacheBehavior [ RunTime:0.000960s ]
INFO: [ app_begin ] --END-- [ RunTime:0.000993s ]
NOTIC: [8] Use of undefined constant CURLOPT_IPRESOLVE - assumed 'CURLOPT_IPRESOLVE' /mnt/wecan/vendor/overtrue/wechat/src/Core/Http.php 第 74 行.
NOTIC: [8] Use of undefined constant CURL_IPRESOLVE_V4 - assumed 'CURL_IPRESOLVE_V4' /mnt/wecan/vendor/overtrue/wechat/src/Core/Http.php 第 74 行.
SQL: SHOW COLUMNS FROM `menu` [ RunTime:0.0005s ]
SQL: SELECT * FROM `menu`  [ RunTime:0.0002s ]
INFO: [ view_parse ] --START--
INFO: [ template_filter ] --START--
INFO: Run Behavior\ContentReplaceBehavior [ RunTime:0.000043s ]
INFO: [ template_filter ] --END-- [ RunTime:0.000087s ]
INFO: Run Behavior\ParseTemplateBehavior [ RunTime:0.019432s ]
INFO: [ view_parse ] --END-- [ RunTime:0.019498s ]
INFO: [ view_filter ] --START--
INFO: Run Behavior\WriteHtmlCacheBehavior [ RunTime:0.001125s ]
INFO: [ view_filter ] --END-- [ RunTime:0.001156s ]
INFO: [ app_end ] --START--
INFO: Run Behavior\ShowPageTraceBehavior [ RunTime:0.001017s ]
INFO: [ app_end ] --END-- [ RunTime:0.001044s ]

[ 2017-04-08T00:33:03+08:00 ] 192.168.56.1 /index.php?s=/Home/Index/index.html
INFO: [ app_init ] --START--
INFO: Run Behavior\BuildLiteBehavior [ RunTime:0.000014s ]
INFO: [ app_init ] --END-- [ RunTime:0.000880s ]
INFO: [ app_begin ] --START--
INFO: Run Behavior\ReadHtmlCacheBehavior [ RunTime:0.001058s ]
INFO: [ app_begin ] --END-- [ RunTime:0.001105s ]
NOTIC: [8] Use of undefined constant CURLOPT_IPRESOLVE - assumed 'CURLOPT_IPRESOLVE' /mnt/wecan/vendor/overtrue/wechat/src/Core/Http.php 第 74 行.
NOTIC: [8] Use of undefined constant CURL_IPRESOLVE_V4 - assumed 'CURL_IPRESOLVE_V4' /mnt/wecan/vendor/overtrue/wechat/src/Core/Http.php 第 74 行.
SQL: SHOW COLUMNS FROM `menu` [ RunTime:0.0005s ]
SQL: SELECT * FROM `menu`  [ RunTime:0.0002s ]
INFO: [ view_parse ] --START--
INFO: [ template_filter ] --START--
INFO: Run Behavior\ContentReplaceBehavior [ RunTime:0.000042s ]
INFO: [ template_filter ] --END-- [ RunTime:0.000087s ]
INFO: Run Behavior\ParseTemplateBehavior [ RunTime:0.050503s ]
INFO: [ view_parse ] --END-- [ RunTime:0.050562s ]
INFO: [ view_filter ] --START--
INFO: Run Behavior\WriteHtmlCacheBehavior [ RunTime:0.001104s ]
INFO: [ view_filter ] --END-- [ RunTime:0.001133s ]
INFO: [ app_end ] --START--
INFO: Run Behavior\ShowPageTraceBehavior [ RunTime:0.001071s ]
INFO: [ app_end ] --END-- [ RunTime:0.001098s ]

[ 2017-04-08T00:33:07+08:00 ] 192.168.56.1 /index.php?s=/Home/Customer/coupon.html
INFO: [ app_init ] --START--
INFO: Run Behavior\BuildLiteBehavior [ RunTime:0.000014s ]
INFO: [ app_init ] --END-- [ RunTime:0.000898s ]
INFO: [ app_begin ] --START--
INFO: Run Behavior\ReadHtmlCacheBehavior [ RunTime:0.000807s ]
INFO: [ app_begin ] --END-- [ RunTime:0.000844s ]
NOTIC: [8] Use of undefined constant CURLOPT_IPRESOLVE - assumed 'CURLOPT_IPRESOLVE' /mnt/wecan/vendor/overtrue/wechat/src/Core/Http.php 第 74 行.
NOTIC: [8] Use of undefined constant CURL_IPRESOLVE_V4 - assumed 'CURL_IPRESOLVE_V4' /mnt/wecan/vendor/overtrue/wechat/src/Core/Http.php 第 74 行.
SQL: SHOW COLUMNS FROM `user_coupon` [ RunTime:0.0005s ]
SQL: SHOW COLUMNS FROM `customer` [ RunTime:0.0003s ]
SQL: SELECT `id` FROM `customer` WHERE `openid` = 'DF234DSD5' LIMIT 1   [ RunTime:0.0002s ]
SQL: SELECT coupon_ticket.number FROM `user_coupon` RIGHT JOIN coupon_ticket on coupon_ticket.id = user_coupon.cpid  WHERE `uid` = 1  [ RunTime:0.0003s ]
ERR: 模板不存在:Wecan/Home/View/Customer/coupon.html

[ 2017-04-08T00:33:40+08:00 ] 192.168.56.1 /index.php?s=/Home/Customer/coupon.html
INFO: [ app_init ] --START--
INFO: Run Behavior\BuildLiteBehavior [ RunTime:0.000014s ]
INFO: [ app_init ] --END-- [ RunTime:0.000495s ]
INFO: [ app_begin ] --START--
INFO: Run Behavior\ReadHtmlCacheBehavior [ RunTime:0.000861s ]
INFO: [ app_begin ] --END-- [ RunTime:0.000901s ]
NOTIC: [8] Use of undefined constant CURLOPT_IPRESOLVE - assumed 'CURLOPT_IPRESOLVE' /mnt/wecan/vendor/overtrue/wechat/src/Core/Http.php 第 74 行.
NOTIC: [8] Use of undefined constant CURL_IPRESOLVE_V4 - assumed 'CURL_IPRESOLVE_V4' /mnt/wecan/vendor/overtrue/wechat/src/Core/Http.php 第 74 行.
SQL: SHOW COLUMNS FROM `user_coupon` [ RunTime:0.0004s ]
SQL: SHOW COLUMNS FROM `customer` [ RunTime:0.0003s ]
SQL: SELECT `id` FROM `customer` WHERE `openid` = 'DF234DSD5' LIMIT 1   [ RunTime:0.0002s ]
SQL: SELECT coupon_ticket.number FROM `user_coupon` RIGHT JOIN coupon_ticket on coupon_ticket.id = user_coupon.cpid  WHERE `uid` = 1  [ RunTime:0.0002s ]
INFO: [ view_parse ] --START--
INFO: [ template_filter ] --START--
INFO: Run Behavior\ContentReplaceBehavior [ RunTime:0.000055s ]
INFO: [ template_filter ] --END-- [ RunTime:0.000101s ]
INFO: Run Behavior\ParseTemplateBehavior [ RunTime:0.050095s ]
INFO: [ view_parse ] --END-- [ RunTime:0.050155s ]
INFO: [ view_filter ] --START--
INFO: Run Behavior\WriteHtmlCacheBehavior [ RunTime:0.001117s ]
INFO: [ view_filter ] --END-- [ RunTime:0.001150s ]
INFO: [ app_end ] --START--
INFO: Run Behavior\ShowPageTraceBehavior [ RunTime:0.001057s ]
INFO: [ app_end ] --END-- [ RunTime:0.001084s ]

[ 2017-04-08T00:34:16+08:00 ] 192.168.56.1 /index.php?s=/Home/Index/index.html
INFO: [ app_init ] --START--
INFO: Run Behavior\BuildLiteBehavior [ RunTime:0.000013s ]
INFO: [ app_init ] --END-- [ RunTime:0.000847s ]
INFO: [ app_begin ] --START--
INFO: Run Behavior\ReadHtmlCacheBehavior [ RunTime:0.000749s ]
INFO: [ app_begin ] --END-- [ RunTime:0.000786s ]
NOTIC: [8] Use of undefined constant CURLOPT_IPRESOLVE - assumed 'CURLOPT_IPRESOLVE' /mnt/wecan/vendor/overtrue/wechat/src/Core/Http.php 第 74 行.
NOTIC: [8] Use of undefined constant CURL_IPRESOLVE_V4 - assumed 'CURL_IPRESOLVE_V4' /mnt/wecan/vendor/overtrue/wechat/src/Core/Http.php 第 74 行.
SQL: SHOW COLUMNS FROM `menu` [ RunTime:0.0005s ]
SQL: SELECT * FROM `menu`  [ RunTime:0.0002s ]
INFO: [ view_parse ] --START--
INFO: [ template_filter ] --START--
INFO: Run Behavior\ContentReplaceBehavior [ RunTime:0.000042s ]
INFO: [ template_filter ] --END-- [ RunTime:0.000086s ]
INFO: Run Behavior\ParseTemplateBehavior [ RunTime:0.019219s ]
INFO: [ view_parse ] --END-- [ RunTime:0.019272s ]
INFO: [ view_filter ] --START--
INFO: Run Behavior\WriteHtmlCacheBehavior [ RunTime:0.001052s ]
INFO: [ view_filter ] --END-- [ RunTime:0.001082s ]
INFO: [ app_end ] --START--
INFO: Run Behavior\ShowPageTraceBehavior [ RunTime:0.001031s ]
INFO: [ app_end ] --END-- [ RunTime:0.001057s ]

[ 2017-04-08T00:34:21+08:00 ] 192.168.56.1 /index.php?s=/Home/Customer/coupon.html
INFO: [ app_init ] --START--
INFO: Run Behavior\BuildLiteBehavior [ RunTime:0.000013s ]
INFO: [ app_init ] --END-- [ RunTime:0.000444s ]
INFO: [ app_begin ] --START--
INFO: Run Behavior\ReadHtmlCacheBehavior [ RunTime:0.000678s ]
INFO: [ app_begin ] --END-- [ RunTime:0.000721s ]
NOTIC: [8] Use of undefined constant CURLOPT_IPRESOLVE - assumed 'CURLOPT_IPRESOLVE' /mnt/wecan/vendor/overtrue/wechat/src/Core/Http.php 第 74 行.
NOTIC: [8] Use of undefined constant CURL_IPRESOLVE_V4 - assumed 'CURL_IPRESOLVE_V4' /mnt/wecan/vendor/overtrue/wechat/src/Core/Http.php 第 74 行.
SQL: SHOW COLUMNS FROM `user_coupon` [ RunTime:0.0006s ]
SQL: SHOW COLUMNS FROM `customer` [ RunTime:0.0007s ]
SQL: SELECT `id` FROM `customer` WHERE `openid` = 'DF234DSD5' LIMIT 1   [ RunTime:0.0002s ]
SQL: SELECT coupon_ticket.number FROM `user_coupon` RIGHT JOIN coupon_ticket on coupon_ticket.id = user_coupon.cpid  WHERE `uid` = 1  [ RunTime:0.0003s ]
INFO: [ view_parse ] --START--
INFO: [ template_filter ] --START--
INFO: Run Behavior\ContentReplaceBehavior [ RunTime:0.000046s ]
INFO: [ template_filter ] --END-- [ RunTime:0.000096s ]
INFO: Run Behavior\ParseTemplateBehavior [ RunTime:0.020304s ]
INFO: [ view_parse ] --END-- [ RunTime:0.020371s ]
INFO: [ view_filter ] --START--
INFO: Run Behavior\WriteHtmlCacheBehavior [ RunTime:0.001507s ]
INFO: [ view_filter ] --END-- [ RunTime:0.001555s ]
INFO: [ app_end ] --START--
INFO: Run Behavior\ShowPageTraceBehavior [ RunTime:0.001053s ]
INFO: [ app_end ] --END-- [ RunTime:0.001083s ]

[ 2017-04-08T00:34:22+08:00 ] 192.168.56.1 /index.php?s=/Home/Index/index.html
INFO: [ app_init ] --START--
INFO: Run Behavior\BuildLiteBehavior [ RunTime:0.000013s ]
INFO: [ app_init ] --END-- [ RunTime:0.000120s ]
INFO: [ app_begin ] --START--
INFO: Run Behavior\ReadHtmlCacheBehavior [ RunTime:0.000678s ]
INFO: [ app_begin ] --END-- [ RunTime:0.000730s ]
NOTIC: [8] Use of undefined constant CURLOPT_IPRESOLVE - assumed 'CURLOPT_IPRESOLVE' /mnt/wecan/vendor/overtrue/wechat/src/Core/Http.php 第 74 行.
NOTIC: [8] Use of undefined constant CURL_IPRESOLVE_V4 - assumed 'CURL_IPRESOLVE_V4' /mnt/wecan/vendor/overtrue/wechat/src/Core/Http.php 第 74 行.
SQL: SHOW COLUMNS FROM `menu` [ RunTime:0.0005s ]
SQL: SELECT * FROM `menu`  [ RunTime:0.0002s ]
INFO: [ view_parse ] --START--
INFO: [ template_filter ] --START--
INFO: Run Behavior\ContentReplaceBehavior [ RunTime:0.000043s ]
INFO: [ template_filter ] --END-- [ RunTime:0.000088s ]
INFO: Run Behavior\ParseTemplateBehavior [ RunTime:0.016000s ]
INFO: [ view_parse ] --END-- [ RunTime:0.016074s ]
INFO: [ view_filter ] --START--
INFO: Run Behavior\WriteHtmlCacheBehavior [ RunTime:0.000426s ]
INFO: [ view_filter ] --END-- [ RunTime:0.000455s ]
INFO: [ app_end ] --START--
INFO: Run Behavior\ShowPageTraceBehavior [ RunTime:0.000331s ]
INFO: [ app_end ] --END-- [ RunTime:0.000357s ]

[ 2017-04-08T00:44:48+08:00 ] 192.168.56.1 /index.php?s=/Home/Index/index.html
INFO: [ app_init ] --START--
INFO: Run Behavior\BuildLiteBehavior [ RunTime:0.000012s ]
INFO: [ app_init ] --END-- [ RunTime:0.000736s ]
INFO: [ app_begin ] --START--
INFO: Run Behavior\ReadHtmlCacheBehavior [ RunTime:0.000983s ]
INFO: [ app_begin ] --END-- [ RunTime:0.001023s ]
NOTIC: [8] Use of undefined constant CURLOPT_IPRESOLVE - assumed 'CURLOPT_IPRESOLVE' /mnt/wecan/vendor/overtrue/wechat/src/Core/Http.php 第 74 行.
NOTIC: [8] Use of undefined constant CURL_IPRESOLVE_V4 - assumed 'CURL_IPRESOLVE_V4' /mnt/wecan/vendor/overtrue/wechat/src/Core/Http.php 第 74 行.
SQL: SHOW COLUMNS FROM `menu` [ RunTime:0.0004s ]
SQL: SELECT * FROM `menu`  [ RunTime:0.0002s ]
INFO: [ view_parse ] --START--
INFO: [ template_filter ] --START--
INFO: Run Behavior\ContentReplaceBehavior [ RunTime:0.000043s ]
INFO: [ template_filter ] --END-- [ RunTime:0.000085s ]
INFO: Run Behavior\ParseTemplateBehavior [ RunTime:0.059926s ]
INFO: [ view_parse ] --END-- [ RunTime:0.059989s ]
INFO: [ view_filter ] --START--
INFO: Run Behavior\WriteHtmlCacheBehavior [ RunTime:0.001056s ]
INFO: [ view_filter ] --END-- [ RunTime:0.001087s ]
INFO: [ app_end ] --START--
INFO: Run Behavior\ShowPageTraceBehavior [ RunTime:0.001346s ]
INFO: [ app_end ] --END-- [ RunTime:0.001413s ]

[ 2017-04-08T00:45:44+08:00 ] 192.168.56.1 /index.php?s=/Home/Index/index.html
INFO: [ app_init ] --START--
INFO: Run Behavior\BuildLiteBehavior [ RunTime:0.000013s ]
INFO: [ app_init ] --END-- [ RunTime:0.000801s ]
INFO: [ app_begin ] --START--
INFO: Run Behavior\ReadHtmlCacheBehavior [ RunTime:0.001529s ]
INFO: [ app_begin ] --END-- [ RunTime:0.001617s ]
NOTIC: [8] Use of undefined constant CURLOPT_IPRESOLVE - assumed 'CURLOPT_IPRESOLVE' /mnt/wecan/vendor/overtrue/wechat/src/Core/Http.php 第 74 行.
NOTIC: [8] Use of undefined constant CURL_IPRESOLVE_V4 - assumed 'CURL_IPRESOLVE_V4' /mnt/wecan/vendor/overtrue/wechat/src/Core/Http.php 第 74 行.
SQL: SHOW COLUMNS FROM `menu` [ RunTime:0.0004s ]
SQL: SELECT * FROM `menu`  [ RunTime:0.0002s ]
INFO: [ view_parse ] --START--
INFO: [ template_filter ] --START--
INFO: Run Behavior\ContentReplaceBehavior [ RunTime:0.000042s ]
INFO: [ template_filter ] --END-- [ RunTime:0.000084s ]
INFO: Run Behavior\ParseTemplateBehavior [ RunTime:0.060116s ]
INFO: [ view_parse ] --END-- [ RunTime:0.060169s ]
INFO: [ view_filter ] --START--
INFO: Run Behavior\WriteHtmlCacheBehavior [ RunTime:0.001177s ]
INFO: [ view_filter ] --END-- [ RunTime:0.001209s ]
INFO: [ app_end ] --START--
INFO: Run Behavior\ShowPageTraceBehavior [ RunTime:0.001034s ]
INFO: [ app_end ] --END-- [ RunTime:0.001062s ]

[ 2017-04-08T00:46:15+08:00 ] 192.168.56.1 /index.php?s=/Home/Index/index.html
INFO: [ app_init ] --START--
INFO: Run Behavior\BuildLiteBehavior [ RunTime:0.000014s ]
INFO: [ app_init ] --END-- [ RunTime:0.000740s ]
INFO: [ app_begin ] --START--
INFO: Run Behavior\ReadHtmlCacheBehavior [ RunTime:0.000742s ]
INFO: [ app_begin ] --END-- [ RunTime:0.000778s ]
NOTIC: [8] Use of undefined constant CURLOPT_IPRESOLVE - assumed 'CURLOPT_IPRESOLVE' /mnt/wecan/vendor/overtrue/wechat/src/Core/Http.php 第 74 行.
NOTIC: [8] Use of undefined constant CURL_IPRESOLVE_V4 - assumed 'CURL_IPRESOLVE_V4' /mnt/wecan/vendor/overtrue/wechat/src/Core/Http.php 第 74 行.
SQL: SHOW COLUMNS FROM `menu` [ RunTime:0.0005s ]
SQL: SELECT * FROM `menu`  [ RunTime:0.0002s ]
INFO: [ view_parse ] --START--
INFO: [ template_filter ] --START--
INFO: Run Behavior\ContentReplaceBehavior [ RunTime:0.000042s ]
INFO: [ template_filter ] --END-- [ RunTime:0.000086s ]
INFO: Run Behavior\ParseTemplateBehavior [ RunTime:0.070812s ]
INFO: [ view_parse ] --END-- [ RunTime:0.070867s ]
INFO: [ view_filter ] --START--
INFO: Run Behavior\WriteHtmlCacheBehavior [ RunTime:0.001042s ]
INFO: [ view_filter ] --END-- [ RunTime:0.001072s ]
INFO: [ app_end ] --START--
INFO: Run Behavior\ShowPageTraceBehavior [ RunTime:0.000874s ]
INFO: [ app_end ] --END-- [ RunTime:0.000901s ]

[ 2017-04-08T00:46:16+08:00 ] 192.168.56.1 /index.php?s=/Home/Index/intro.html
INFO: [ app_init ] --START--
INFO: Run Behavior\BuildLiteBehavior [ RunTime:0.000011s ]
INFO: [ app_init ] --END-- [ RunTime:0.000093s ]
INFO: [ app_begin ] --START--
INFO: Run Behavior\ReadHtmlCacheBehavior [ RunTime:0.000693s ]
INFO: [ app_begin ] --END-- [ RunTime:0.000778s ]
NOTIC: [8] Use of undefined constant CURLOPT_IPRESOLVE - assumed 'CURLOPT_IPRESOLVE' /mnt/wecan/vendor/overtrue/wechat/src/Core/Http.php 第 74 行.
NOTIC: [8] Use of undefined constant CURL_IPRESOLVE_V4 - assumed 'CURL_IPRESOLVE_V4' /mnt/wecan/vendor/overtrue/wechat/src/Core/Http.php 第 74 行.
INFO: [ view_parse ] --START--
INFO: [ template_filter ] --START--
INFO: Run Behavior\ContentReplaceBehavior [ RunTime:0.000038s ]
INFO: [ template_filter ] --END-- [ RunTime:0.000082s ]
INFO: Run Behavior\ParseTemplateBehavior [ RunTime:0.047133s ]
INFO: [ view_parse ] --END-- [ RunTime:0.047189s ]
INFO: [ view_filter ] --START--
INFO: Run Behavior\WriteHtmlCacheBehavior [ RunTime:0.000423s ]
INFO: [ view_filter ] --END-- [ RunTime:0.000450s ]
INFO: [ app_end ] --START--
INFO: Run Behavior\ShowPageTraceBehavior [ RunTime:0.000348s ]
INFO: [ app_end ] --END-- [ RunTime:0.000374s ]

[ 2017-04-08T00:46:57+08:00 ] 192.168.56.1 /index.php?s=/Home/Index/intro.html
INFO: [ app_init ] --START--
INFO: Run Behavior\BuildLiteBehavior [ RunTime:0.000015s ]
INFO: [ app_init ] --END-- [ RunTime:0.001124s ]
INFO: [ app_begin ] --START--
INFO: Run Behavior\ReadHtmlCacheBehavior [ RunTime:0.001021s ]
INFO: [ app_begin ] --END-- [ RunTime:0.001057s ]
NOTIC: [8] Use of undefined constant CURLOPT_IPRESOLVE - assumed 'CURLOPT_IPRESOLVE' /mnt/wecan/vendor/overtrue/wechat/src/Core/Http.php 第 74 行.
NOTIC: [8] Use of undefined constant CURL_IPRESOLVE_V4 - assumed 'CURL_IPRESOLVE_V4' /mnt/wecan/vendor/overtrue/wechat/src/Core/Http.php 第 74 行.
INFO: [ view_parse ] --START--
INFO: [ template_filter ] --START--
INFO: Run Behavior\ContentReplaceBehavior [ RunTime:0.000041s ]
INFO: [ template_filter ] --END-- [ RunTime:0.000091s ]
INFO: Run Behavior\ParseTemplateBehavior [ RunTime:0.050845s ]
INFO: [ view_parse ] --END-- [ RunTime:0.050901s ]
INFO: [ view_filter ] --START--
INFO: Run Behavior\WriteHtmlCacheBehavior [ RunTime:0.001233s ]
INFO: [ view_filter ] --END-- [ RunTime:0.001264s ]
INFO: [ app_end ] --START--
INFO: Run Behavior\ShowPageTraceBehavior [ RunTime:0.001326s ]
INFO: [ app_end ] --END-- [ RunTime:0.001387s ]

[ 2017-04-08T00:46:58+08:00 ] 192.168.56.1 /index.php?s=/Home/Index/index.html
INFO: [ app_init ] --START--
INFO: Run Behavior\BuildLiteBehavior [ RunTime:0.000014s ]
INFO: [ app_init ] --END-- [ RunTime:0.000129s ]
INFO: [ app_begin ] --START--
INFO: Run Behavior\ReadHtmlCacheBehavior [ RunTime:0.000521s ]
INFO: [ app_begin ] --END-- [ RunTime:0.000570s ]
NOTIC: [8] Use of undefined constant CURLOPT_IPRESOLVE - assumed 'CURLOPT_IPRESOLVE' /mnt/wecan/vendor/overtrue/wechat/src/Core/Http.php 第 74 行.
NOTIC: [8] Use of undefined constant CURL_IPRESOLVE_V4 - assumed 'CURL_IPRESOLVE_V4' /mnt/wecan/vendor/overtrue/wechat/src/Core/Http.php 第 74 行.
SQL: SHOW COLUMNS FROM `menu` [ RunTime:0.0005s ]
SQL: SELECT * FROM `menu`  [ RunTime:0.0002s ]
INFO: [ view_parse ] --START--
INFO: [ template_filter ] --START--
INFO: Run Behavior\ContentReplaceBehavior [ RunTime:0.000076s ]
INFO: [ template_filter ] --END-- [ RunTime:0.000150s ]
INFO: Run Behavior\ParseTemplateBehavior [ RunTime:0.016193s ]
INFO: [ view_parse ] --END-- [ RunTime:0.016244s ]
INFO: [ view_filter ] --START--
INFO: Run Behavior\WriteHtmlCacheBehavior [ RunTime:0.000605s ]
INFO: [ view_filter ] --END-- [ RunTime:0.000631s ]
INFO: [ app_end ] --START--
INFO: Run Behavior\ShowPageTraceBehavior [ RunTime:0.000559s ]
INFO: [ app_end ] --END-- [ RunTime:0.000584s ]

[ 2017-04-08T00:47:00+08:00 ] 192.168.56.1 /index.php?s=/Home/Index/intro.html
INFO: [ app_init ] --START--
INFO: Run Behavior\BuildLiteBehavior [ RunTime:0.000014s ]
INFO: [ app_init ] --END-- [ RunTime:0.000510s ]
INFO: [ app_begin ] --START--
INFO: Run Behavior\ReadHtmlCacheBehavior [ RunTime:0.001280s ]
INFO: [ app_begin ] --END-- [ RunTime:0.001337s ]
NOTIC: [8] Use of undefined constant CURLOPT_IPRESOLVE - assumed 'CURLOPT_IPRESOLVE' /mnt/wecan/vendor/overtrue/wechat/src/Core/Http.php 第 74 行.
NOTIC: [8] Use of undefined constant CURL_IPRESOLVE_V4 - assumed 'CURL_IPRESOLVE_V4' /mnt/wecan/vendor/overtrue/wechat/src/Core/Http.php 第 74 行.
INFO: [ view_parse ] --START--
INFO: [ template_filter ] --START--
INFO: Run Behavior\ContentReplaceBehavior [ RunTime:0.000039s ]
INFO: [ template_filter ] --END-- [ RunTime:0.000085s ]
INFO: Run Behavior\ParseTemplateBehavior [ RunTime:0.018716s ]
INFO: [ view_parse ] --END-- [ RunTime:0.018772s ]
INFO: [ view_filter ] --START--
INFO: Run Behavior\WriteHtmlCacheBehavior [ RunTime:0.001271s ]
INFO: [ view_filter ] --END-- [ RunTime:0.001312s ]
INFO: [ app_end ] --START--
INFO: Run Behavior\ShowPageTraceBehavior [ RunTime:0.001106s ]
INFO: [ app_end ] --END-- [ RunTime:0.001134s ]

[ 2017-04-08T00:47:02+08:00 ] 192.168.56.1 /index.php?s=/Home/Index/index.html
INFO: [ app_init ] --START--
INFO: Run Behavior\BuildLiteBehavior [ RunTime:0.000018s ]
INFO: [ app_init ] --END-- [ RunTime:0.000172s ]
INFO: [ app_begin ] --START--
INFO: Run Behavior\ReadHtmlCacheBehavior [ RunTime:0.000805s ]
INFO: [ app_begin ] --END-- [ RunTime:0.000894s ]
NOTIC: [8] Use of undefined constant CURLOPT_IPRESOLVE - assumed 'CURLOPT_IPRESOLVE' /mnt/wecan/vendor/overtrue/wechat/src/Core/Http.php 第 74 行.
NOTIC: [8] Use of undefined constant CURL_IPRESOLVE_V4 - assumed 'CURL_IPRESOLVE_V4' /mnt/wecan/vendor/overtrue/wechat/src/Core/Http.php 第 74 行.
SQL: SHOW COLUMNS FROM `menu` [ RunTime:0.0006s ]
SQL: SELECT * FROM `menu`  [ RunTime:0.0003s ]
INFO: [ view_parse ] --START--
INFO: [ template_filter ] --START--
INFO: Run Behavior\ContentReplaceBehavior [ RunTime:0.000047s ]
INFO: [ template_filter ] --END-- [ RunTime:0.000098s ]
INFO: Run Behavior\ParseTemplateBehavior [ RunTime:0.014884s ]
INFO: [ view_parse ] --END-- [ RunTime:0.014940s ]
INFO: [ view_filter ] --START--
INFO: Run Behavior\WriteHtmlCacheBehavior [ RunTime:0.000810s ]
INFO: [ view_filter ] --END-- [ RunTime:0.000860s ]
INFO: [ app_end ] --START--
INFO: Run Behavior\ShowPageTraceBehavior [ RunTime:0.000533s ]
INFO: [ app_end ] --END-- [ RunTime:0.000565s ]

[ 2017-04-08T15:23:46+08:00 ] 192.168.56.1 /index.php
INFO: [ app_init ] --START--
INFO: Run Behavior\BuildLiteBehavior [ RunTime:0.000011s ]
INFO: [ app_init ] --END-- [ RunTime:0.000398s ]
INFO: [ app_begin ] --START--
INFO: Run Behavior\ReadHtmlCacheBehavior [ RunTime:0.000929s ]
INFO: [ app_begin ] --END-- [ RunTime:0.000983s ]
NOTIC: [8] Use of undefined constant CURLOPT_IPRESOLVE - assumed 'CURLOPT_IPRESOLVE' /mnt/wecan/vendor/overtrue/wechat/src/Core/Http.php 第 74 行.
NOTIC: [8] Use of undefined constant CURL_IPRESOLVE_V4 - assumed 'CURL_IPRESOLVE_V4' /mnt/wecan/vendor/overtrue/wechat/src/Core/Http.php 第 74 行.
SQL: SHOW COLUMNS FROM `menu` [ RunTime:0.0005s ]
SQL: SELECT * FROM `menu`  [ RunTime:0.0002s ]
INFO: [ view_parse ] --START--
INFO: [ template_filter ] --START--
INFO: Run Behavior\ContentReplaceBehavior [ RunTime:0.000076s ]
INFO: [ template_filter ] --END-- [ RunTime:0.000154s ]
INFO: Run Behavior\ParseTemplateBehavior [ RunTime:0.121813s ]
INFO: [ view_parse ] --END-- [ RunTime:0.121877s ]
INFO: [ view_filter ] --START--
INFO: Run Behavior\WriteHtmlCacheBehavior [ RunTime:0.000949s ]
INFO: [ view_filter ] --END-- [ RunTime:0.000984s ]
INFO: [ app_end ] --START--
INFO: Run Behavior\ShowPageTraceBehavior [ RunTime:0.000867s ]
INFO: [ app_end ] --END-- [ RunTime:0.000896s ]

[ 2017-04-08T15:30:12+08:00 ] 192.168.56.1 /index.php?s=/Home/Order/orderDesk.html
INFO: [ app_init ] --START--
INFO: Run Behavior\BuildLiteBehavior [ RunTime:0.000023s ]
INFO: [ app_init ] --END-- [ RunTime:0.001372s ]
INFO: [ app_begin ] --START--
INFO: Run Behavior\ReadHtmlCacheBehavior [ RunTime:0.001450s ]
INFO: [ app_begin ] --END-- [ RunTime:0.001503s ]
NOTIC: [8] Use of undefined constant CURLOPT_IPRESOLVE - assumed 'CURLOPT_IPRESOLVE' /mnt/wecan/vendor/overtrue/wechat/src/Core/Http.php 第 74 行.
NOTIC: [8] Use of undefined constant CURL_IPRESOLVE_V4 - assumed 'CURL_IPRESOLVE_V4' /mnt/wecan/vendor/overtrue/wechat/src/Core/Http.php 第 74 行.
SQL: SHOW COLUMNS FROM `desk` [ RunTime:0.0007s ]
SQL: SELECT * FROM `desk` WHERE `lock` = 0  [ RunTime:0.0003s ]
INFO: [ view_parse ] --START--
INFO: [ template_filter ] --START--
INFO: Run Behavior\ContentReplaceBehavior [ RunTime:0.000136s ]
INFO: [ template_filter ] --END-- [ RunTime:0.000256s ]
INFO: Run Behavior\ParseTemplateBehavior [ RunTime:0.145914s ]
INFO: [ view_parse ] --END-- [ RunTime:0.145991s ]
INFO: [ view_filter ] --START--
INFO: Run Behavior\WriteHtmlCacheBehavior [ RunTime:0.001022s ]
INFO: [ view_filter ] --END-- [ RunTime:0.001058s ]
INFO: [ app_end ] --START--
INFO: Run Behavior\ShowPageTraceBehavior [ RunTime:0.000953s ]
INFO: [ app_end ] --END-- [ RunTime:0.000990s ]

[ 2017-04-08T15:30:46+08:00 ] 192.168.56.1 /index.php?s=/Home/Order/orderDesk.html
INFO: [ app_init ] --START--
INFO: Run Behavior\BuildLiteBehavior [ RunTime:0.000010s ]
INFO: [ app_init ] --END-- [ RunTime:0.000761s ]
INFO: [ app_begin ] --START--
INFO: Run Behavior\ReadHtmlCacheBehavior [ RunTime:0.001007s ]
INFO: [ app_begin ] --END-- [ RunTime:0.001049s ]
NOTIC: [8] Use of undefined constant CURLOPT_IPRESOLVE - assumed 'CURLOPT_IPRESOLVE' /mnt/wecan/vendor/overtrue/wechat/src/Core/Http.php 第 74 行.
NOTIC: [8] Use of undefined constant CURL_IPRESOLVE_V4 - assumed 'CURL_IPRESOLVE_V4' /mnt/wecan/vendor/overtrue/wechat/src/Core/Http.php 第 74 行.

[ 2017-04-08T15:30:47+08:00 ] 192.168.56.1 /index.php?s=/Home/Order/orderMenu.html
INFO: [ app_init ] --START--
INFO: Run Behavior\BuildLiteBehavior [ RunTime:0.000011s ]
INFO: [ app_init ] --END-- [ RunTime:0.000095s ]
INFO: [ app_begin ] --START--
INFO: Run Behavior\ReadHtmlCacheBehavior [ RunTime:0.000383s ]
INFO: [ app_begin ] --END-- [ RunTime:0.000424s ]
NOTIC: [8] Use of undefined constant CURLOPT_IPRESOLVE - assumed 'CURLOPT_IPRESOLVE' /mnt/wecan/vendor/overtrue/wechat/src/Core/Http.php 第 74 行.
NOTIC: [8] Use of undefined constant CURL_IPRESOLVE_V4 - assumed 'CURL_IPRESOLVE_V4' /mnt/wecan/vendor/overtrue/wechat/src/Core/Http.php 第 74 行.
SQL: SHOW COLUMNS FROM `menu` [ RunTime:0.0005s ]
SQL: SELECT * FROM `menu`  [ RunTime:0.0002s ]
INFO: [ view_parse ] --START--
INFO: [ template_filter ] --START--
INFO: Run Behavior\ContentReplaceBehavior [ RunTime:0.000065s ]
INFO: [ template_filter ] --END-- [ RunTime:0.000138s ]
INFO: Run Behavior\ParseTemplateBehavior [ RunTime:0.415976s ]
INFO: [ view_parse ] --END-- [ RunTime:0.416074s ]
INFO: [ view_filter ] --START--
INFO: Run Behavior\WriteHtmlCacheBehavior [ RunTime:0.000782s ]
INFO: [ view_filter ] --END-- [ RunTime:0.000817s ]
INFO: [ app_end ] --START--
INFO: Run Behavior\ShowPageTraceBehavior [ RunTime:0.000718s ]
INFO: [ app_end ] --END-- [ RunTime:0.000754s ]

[ 2017-04-08T15:32:13+08:00 ] 192.168.56.1 /index.php?s=/Home/Order/menuDetail/mid/3.html
INFO: [ app_init ] --START--
INFO: Run Behavior\BuildLiteBehavior [ RunTime:0.000012s ]
INFO: [ app_init ] --END-- [ RunTime:0.000457s ]
INFO: [ app_begin ] --START--
INFO: Run Behavior\ReadHtmlCacheBehavior [ RunTime:0.000829s ]
INFO: [ app_begin ] --END-- [ RunTime:0.000886s ]
NOTIC: [8] Use of undefined constant CURLOPT_IPRESOLVE - assumed 'CURLOPT_IPRESOLVE' /mnt/wecan/vendor/overtrue/wechat/src/Core/Http.php 第 74 行.
NOTIC: [8] Use of undefined constant CURL_IPRESOLVE_V4 - assumed 'CURL_IPRESOLVE_V4' /mnt/wecan/vendor/overtrue/wechat/src/Core/Http.php 第 74 行.
INFO: [ view_parse ] --START--
INFO: [ template_filter ] --START--
INFO: Run Behavior\ContentReplaceBehavior [ RunTime:0.000073s ]
INFO: [ template_filter ] --END-- [ RunTime:0.000188s ]
INFO: Run Behavior\ParseTemplateBehavior [ RunTime:1.702330s ]
INFO: [ view_parse ] --END-- [ RunTime:1.702487s ]
INFO: [ view_filter ] --START--
INFO: Run Behavior\WriteHtmlCacheBehavior [ RunTime:0.004097s ]
INFO: [ view_filter ] --END-- [ RunTime:0.004210s ]
INFO: [ app_end ] --START--
INFO: Run Behavior\ShowPageTraceBehavior [ RunTime:0.003445s ]
INFO: [ app_end ] --END-- [ RunTime:0.003519s ]

[ 2017-04-08T15:32:16+08:00 ] 192.168.56.1 /index.php?s=/Home/Order/orderMenu.html
INFO: [ app_init ] --START--
INFO: Run Behavior\BuildLiteBehavior [ RunTime:0.000012s ]
INFO: [ app_init ] --END-- [ RunTime:0.000743s ]
INFO: [ app_begin ] --START--
INFO: Run Behavior\ReadHtmlCacheBehavior [ RunTime:0.001189s ]
INFO: [ app_begin ] --END-- [ RunTime:0.001244s ]
NOTIC: [8] Use of undefined constant CURLOPT_IPRESOLVE - assumed 'CURLOPT_IPRESOLVE' /mnt/wecan/vendor/overtrue/wechat/src/Core/Http.php 第 74 行.
NOTIC: [8] Use of undefined constant CURL_IPRESOLVE_V4 - assumed 'CURL_IPRESOLVE_V4' /mnt/wecan/vendor/overtrue/wechat/src/Core/Http.php 第 74 行.

[ 2017-04-08T15:32:16+08:00 ] 192.168.56.1 /index.php?s=/Home/Order/orderInfo.html
INFO: [ app_init ] --START--
INFO: Run Behavior\BuildLiteBehavior [ RunTime:0.000013s ]
INFO: [ app_init ] --END-- [ RunTime:0.000116s ]
INFO: [ app_begin ] --START--
INFO: Run Behavior\ReadHtmlCacheBehavior [ RunTime:0.000492s ]
INFO: [ app_begin ] --END-- [ RunTime:0.000540s ]
NOTIC: [8] Use of undefined constant CURLOPT_IPRESOLVE - assumed 'CURLOPT_IPRESOLVE' /mnt/wecan/vendor/overtrue/wechat/src/Core/Http.php 第 74 行.
NOTIC: [8] Use of undefined constant CURL_IPRESOLVE_V4 - assumed 'CURL_IPRESOLVE_V4' /mnt/wecan/vendor/overtrue/wechat/src/Core/Http.php 第 74 行.
INFO: [ view_parse ] --START--
INFO: [ template_filter ] --START--
INFO: Run Behavior\ContentReplaceBehavior [ RunTime:0.000040s ]
INFO: [ template_filter ] --END-- [ RunTime:0.000091s ]
INFO: Run Behavior\ParseTemplateBehavior [ RunTime:0.098602s ]
INFO: [ view_parse ] --END-- [ RunTime:0.098665s ]
INFO: [ view_filter ] --START--
INFO: Run Behavior\WriteHtmlCacheBehavior [ RunTime:0.000793s ]
INFO: [ view_filter ] --END-- [ RunTime:0.000825s ]
INFO: [ app_end ] --START--
INFO: Run Behavior\ShowPageTraceBehavior [ RunTime:0.000695s ]
INFO: [ app_end ] --END-- [ RunTime:0.000724s ]

[ 2017-04-08T15:35:32+08:00 ] 192.168.56.1 /index.php
INFO: [ app_init ] --START--
INFO: Run Behavior\BuildLiteBehavior [ RunTime:0.000025s ]
INFO: [ app_init ] --END-- [ RunTime:0.001258s ]
INFO: [ app_begin ] --START--
INFO: Run Behavior\ReadHtmlCacheBehavior [ RunTime:0.001318s ]
INFO: [ app_begin ] --END-- [ RunTime:0.001390s ]
NOTIC: [8] Use of undefined constant CURLOPT_IPRESOLVE - assumed 'CURLOPT_IPRESOLVE' /mnt/wecan/vendor/overtrue/wechat/src/Core/Http.php 第 74 行.
NOTIC: [8] Use of undefined constant CURL_IPRESOLVE_V4 - assumed 'CURL_IPRESOLVE_V4' /mnt/wecan/vendor/overtrue/wechat/src/Core/Http.php 第 74 行.
SQL: SHOW COLUMNS FROM `menu` [ RunTime:0.0008s ]
SQL: SELECT * FROM `menu`  [ RunTime:0.0004s ]
INFO: [ view_parse ] --START--
INFO: [ template_filter ] --START--
INFO: Run Behavior\ContentReplaceBehavior [ RunTime:0.000066s ]
INFO: [ template_filter ] --END-- [ RunTime:0.000144s ]
INFO: Run Behavior\ParseTemplateBehavior [ RunTime:0.092646s ]
INFO: [ view_parse ] --END-- [ RunTime:0.092745s ]
INFO: [ view_filter ] --START--
INFO: Run Behavior\WriteHtmlCacheBehavior [ RunTime:0.001382s ]
INFO: [ view_filter ] --END-- [ RunTime:0.001443s ]
INFO: [ app_end ] --START--
INFO: Run Behavior\ShowPageTraceBehavior [ RunTime:0.001271s ]
INFO: [ app_end ] --END-- [ RunTime:0.001326s ]

[ 2017-04-08T15:35:32+08:00 ] 192.168.56.1 /index.php
INFO: [ app_init ] --START--
INFO: Run Behavior\BuildLiteBehavior [ RunTime:0.000018s ]
INFO: [ app_init ] --END-- [ RunTime:0.000165s ]
INFO: [ app_begin ] --START--
INFO: Run Behavior\ReadHtmlCacheBehavior [ RunTime:0.000753s ]
INFO: [ app_begin ] --END-- [ RunTime:0.000857s ]
NOTIC: [8] Use of undefined constant CURLOPT_IPRESOLVE - assumed 'CURLOPT_IPRESOLVE' /mnt/wecan/vendor/overtrue/wechat/src/Core/Http.php 第 74 行.
NOTIC: [8] Use of undefined constant CURL_IPRESOLVE_V4 - assumed 'CURL_IPRESOLVE_V4' /mnt/wecan/vendor/overtrue/wechat/src/Core/Http.php 第 74 行.
SQL: SHOW COLUMNS FROM `menu` [ RunTime:0.0007s ]
SQL: SELECT * FROM `menu`  [ RunTime:0.0003s ]
INFO: [ view_parse ] --START--
INFO: [ template_filter ] --START--
INFO: Run Behavior\ContentReplaceBehavior [ RunTime:0.000068s ]
INFO: [ template_filter ] --END-- [ RunTime:0.000152s ]
INFO: Run Behavior\ParseTemplateBehavior [ RunTime:0.020751s ]
INFO: [ view_parse ] --END-- [ RunTime:0.020838s ]
INFO: [ view_filter ] --START--
INFO: Run Behavior\WriteHtmlCacheBehavior [ RunTime:0.000693s ]
INFO: [ view_filter ] --END-- [ RunTime:0.000754s ]
INFO: [ app_end ] --START--
INFO: Run Behavior\ShowPageTraceBehavior [ RunTime:0.000624s ]
INFO: [ app_end ] --END-- [ RunTime:0.000693s ]

[ 2017-04-08T15:35:35+08:00 ] 192.168.56.1 /index.php?s=/Home/Customer/index.html
INFO: [ app_init ] --START--
INFO: Run Behavior\BuildLiteBehavior [ RunTime:0.000012s ]
INFO: [ app_init ] --END-- [ RunTime:0.000534s ]
INFO: [ app_begin ] --START--
INFO: Run Behavior\ReadHtmlCacheBehavior [ RunTime:0.000838s ]
INFO: [ app_begin ] --END-- [ RunTime:0.000878s ]
NOTIC: [8] Use of undefined constant CURLOPT_IPRESOLVE - assumed 'CURLOPT_IPRESOLVE' /mnt/wecan/vendor/overtrue/wechat/src/Core/Http.php 第 74 行.
NOTIC: [8] Use of undefined constant CURL_IPRESOLVE_V4 - assumed 'CURL_IPRESOLVE_V4' /mnt/wecan/vendor/overtrue/wechat/src/Core/Http.php 第 74 行.
SQL: SHOW COLUMNS FROM `order` [ RunTime:0.0009s ]
SQL: SHOW COLUMNS FROM `customer` [ RunTime:0.0007s ]
SQL: SELECT `id` FROM `customer` WHERE `openid` = 'DF234DSD5' LIMIT 1   [ RunTime:0.0002s ]
SQL: SELECT order.id,order.create_time,desk.name AS `dkname` FROM `order` LEFT JOIN desk on desk.id = order.dkid  WHERE `uid` = 1  [ RunTime:0.0203s ]
INFO: [ view_parse ] --START--
INFO: [ template_filter ] --START--
INFO: Run Behavior\ContentReplaceBehavior [ RunTime:0.000048s ]
INFO: [ template_filter ] --END-- [ RunTime:0.000136s ]
INFO: Run Behavior\ParseTemplateBehavior [ RunTime:0.099084s ]
INFO: [ view_parse ] --END-- [ RunTime:0.099165s ]
INFO: [ view_filter ] --START--
INFO: Run Behavior\WriteHtmlCacheBehavior [ RunTime:0.001089s ]
INFO: [ view_filter ] --END-- [ RunTime:0.001130s ]
INFO: [ app_end ] --START--
INFO: Run Behavior\ShowPageTraceBehavior [ RunTime:0.000872s ]
INFO: [ app_end ] --END-- [ RunTime:0.000917s ]

[ 2017-04-08T15:44:13+08:00 ] 192.168.56.1 /index.php?s=/Home/Index/index.html
INFO: [ app_init ] --START--
INFO: Run Behavior\BuildLiteBehavior [ RunTime:0.000013s ]
INFO: [ app_init ] --END-- [ RunTime:0.000820s ]
INFO: [ app_begin ] --START--
INFO: Run Behavior\ReadHtmlCacheBehavior [ RunTime:0.000891s ]
INFO: [ app_begin ] --END-- [ RunTime:0.000926s ]
NOTIC: [8] Use of undefined constant CURLOPT_IPRESOLVE - assumed 'CURLOPT_IPRESOLVE' /mnt/wecan/vendor/overtrue/wechat/src/Core/Http.php 第 74 行.
NOTIC: [8] Use of undefined constant CURL_IPRESOLVE_V4 - assumed 'CURL_IPRESOLVE_V4' /mnt/wecan/vendor/overtrue/wechat/src/Core/Http.php 第 74 行.
SQL: SHOW COLUMNS FROM `menu` [ RunTime:0.0006s ]
SQL: SELECT * FROM `menu`  [ RunTime:0.0002s ]
INFO: [ view_parse ] --START--
INFO: [ template_filter ] --START--
INFO: Run Behavior\ContentReplaceBehavior [ RunTime:0.000042s ]
INFO: [ template_filter ] --END-- [ RunTime:0.000096s ]
INFO: Run Behavior\ParseTemplateBehavior [ RunTime:0.018451s ]
INFO: [ view_parse ] --END-- [ RunTime:0.018522s ]
INFO: [ view_filter ] --START--
INFO: Run Behavior\WriteHtmlCacheBehavior [ RunTime:0.001330s ]
INFO: [ view_filter ] --END-- [ RunTime:0.001370s ]
INFO: [ app_end ] --START--
INFO: Run Behavior\ShowPageTraceBehavior [ RunTime:0.001014s ]
INFO: [ app_end ] --END-- [ RunTime:0.001046s ]

[ 2017-04-08T15:44:16+08:00 ] 192.168.56.1 /index.php?s=/Home/Customer/coupon.html
INFO: [ app_init ] --START--
INFO: Run Behavior\BuildLiteBehavior [ RunTime:0.000013s ]
INFO: [ app_init ] --END-- [ RunTime:0.000117s ]
INFO: [ app_begin ] --START--
INFO: Run Behavior\ReadHtmlCacheBehavior [ RunTime:0.000375s ]
INFO: [ app_begin ] --END-- [ RunTime:0.000436s ]
NOTIC: [8] Use of undefined constant CURLOPT_IPRESOLVE - assumed 'CURLOPT_IPRESOLVE' /mnt/wecan/vendor/overtrue/wechat/src/Core/Http.php 第 74 行.
NOTIC: [8] Use of undefined constant CURL_IPRESOLVE_V4 - assumed 'CURL_IPRESOLVE_V4' /mnt/wecan/vendor/overtrue/wechat/src/Core/Http.php 第 74 行.
SQL: SHOW COLUMNS FROM `user_coupon` [ RunTime:0.0006s ]
SQL: SHOW COLUMNS FROM `customer` [ RunTime:0.0004s ]
SQL: SELECT `id` FROM `customer` WHERE `openid` = 'DF234DSD5' LIMIT 1   [ RunTime:0.0002s ]
SQL: SELECT coupon_ticket.number FROM `user_coupon` RIGHT JOIN coupon_ticket on coupon_ticket.id = user_coupon.cpid  WHERE `uid` = 1  [ RunTime:0.7988s ]
INFO: [ view_parse ] --START--
INFO: [ template_filter ] --START--
INFO: Run Behavior\ContentReplaceBehavior [ RunTime:0.000178s ]
INFO: [ template_filter ] --END-- [ RunTime:0.000391s ]
INFO: Run Behavior\ParseTemplateBehavior [ RunTime:0.136320s ]
INFO: [ view_parse ] --END-- [ RunTime:0.136421s ]
INFO: [ view_filter ] --START--
INFO: Run Behavior\WriteHtmlCacheBehavior [ RunTime:0.000531s ]
INFO: [ view_filter ] --END-- [ RunTime:0.000570s ]
INFO: [ app_end ] --START--
INFO: Run Behavior\ShowPageTraceBehavior [ RunTime:0.000389s ]
INFO: [ app_end ] --END-- [ RunTime:0.000425s ]

